2026-03-13 11:12:14,732 - INFO - Bot starting on Server IP: 34.46.237.233
2026-03-13 11:12:14,736 - INFO - Initialized 0 background clients in DEMO (Testnet) mode.
2026-03-13 11:12:14,834 - ERROR - CRITICAL: Restricted location detected. Cannot create Binance client.
2026-03-13 11:12:14,835 - ERROR - CRITICAL: Market client is unavailable. Skipping market WebSocket initialization.
2026-03-13 11:12:14,838 - WARNING - Werkzeug appears to be used in a production deployment. Consider switching to a production web server instead.
 * Serving Flask app 'app'
 * Debug mode: off
2026-03-13 11:12:14,843 - INFO - [31m[1mWARNING: This is a development server. Do not use it in a production deployment. Use a production WSGI server instead.[0m
 * Running on all addresses (0.0.0.0)
 * Running on http://127.0.0.1:3000
 * Running on http://192.168.0.2:3000
2026-03-13 11:12:14,843 - INFO - [33mPress CTRL+C to quit[0m
2026-03-13 11:12:14,917 - ERROR - CRITICAL: Restricted location detected. Cannot create Binance client.
2026-03-13 11:12:14,998 - ERROR - CRITICAL: Restricted location detected. Cannot create Binance client.
2026-03-13 11:12:15,083 - ERROR - CRITICAL: Restricted location detected. Cannot create Binance client.
2026-03-13 11:12:15,085 - WARNING - Warning: Symbol BTCUSDC not found on Binance. Please check if it is a valid USDC pair.
2026-03-13 11:12:15,085 - WARNING - Warning: Symbol LINKUSDC not found on Binance. Please check if it is a valid USDC pair.
2026-03-13 11:12:15,085 - WARNING - Warning: Symbol DOGEUSDC not found on Binance. Please check if it is a valid USDC pair.
2026-03-13 11:12:15,085 - WARNING - Warning: Symbol SOLUSDC not found on Binance. Please check if it is a valid USDC pair.
2026-03-13 11:12:17,166 - ERROR - CRITICAL: Restricted location detected. Cannot create Binance client.
2026-03-13 11:12:17,246 - ERROR - CRITICAL: Restricted location detected. Cannot create Binance client.
2026-03-13 11:12:17,324 - ERROR - CRITICAL: Restricted location detected. Cannot create Binance client.
2026-03-13 11:12:19,405 - ERROR - CRITICAL: Restricted location detected. Cannot create Binance client.
2026-03-13 11:12:19,488 - ERROR - CRITICAL: Restricted location detected. Cannot create Binance client.
2026-03-13 11:12:19,568 - ERROR - CRITICAL: Restricted location detected. Cannot create Binance client.
2026-03-13 11:12:21,652 - ERROR - CRITICAL: Restricted location detected. Cannot create Binance client.
2026-03-13 11:12:21,732 - ERROR - CRITICAL: Restricted location detected. Cannot create Binance client.
2026-03-13 11:12:21,812 - ERROR - CRITICAL: Restricted location detected. Cannot create Binance client.
2026-03-13 11:12:23,934 - ERROR - CRITICAL: Restricted location detected. Cannot create Binance client.
2026-03-13 11:12:24,047 - ERROR - CRITICAL: Restricted location detected. Cannot create Binance client.
2026-03-13 11:12:24,131 - ERROR - CRITICAL: Restricted location detected. Cannot create Binance client.
2026-03-13 11:12:26,216 - ERROR - CRITICAL: Restricted location detected. Cannot create Binance client.
2026-03-13 11:12:26,297 - ERROR - CRITICAL: Restricted location detected. Cannot create Binance client.
2026-03-13 11:12:26,379 - ERROR - CRITICAL: Restricted location detected. Cannot create Binance client.
2026-03-13 11:12:28,461 - ERROR - CRITICAL: Restricted location detected. Cannot create Binance client.
2026-03-13 11:12:28,540 - ERROR - CRITICAL: Restricted location detected. Cannot create Binance client.
2026-03-13 11:12:28,619 - ERROR - CRITICAL: Restricted location detected. Cannot create Binance client.
2026-03-13 11:12:30,702 - ERROR - CRITICAL: Restricted location detected. Cannot create Binance client.
2026-03-13 11:12:30,784 - ERROR - CRITICAL: Restricted location detected. Cannot create Binance client.
2026-03-13 11:12:30,867 - ERROR - CRITICAL: Restricted location detected. Cannot create Binance client.
2026-03-13 11:12:32,951 - ERROR - CRITICAL: Restricted location detected. Cannot create Binance client.
2026-03-13 11:12:33,031 - ERROR - CRITICAL: Restricted location detected. Cannot create Binance client.
2026-03-13 11:12:33,111 - ERROR - CRITICAL: Restricted location detected. Cannot create Binance client.
2026-03-13 11:12:35,192 - ERROR - CRITICAL: Restricted location detected. Cannot create Binance client.
2026-03-13 11:12:35,273 - ERROR - CRITICAL: Restricted location detected. Cannot create Binance client.
2026-03-13 11:12:35,356 - ERROR - CRITICAL: Restricted location detected. Cannot create Binance client.
2026-03-13 11:12:37,437 - ERROR - CRITICAL: Restricted location detected. Cannot create Binance client.
2026-03-13 11:12:37,517 - ERROR - CRITICAL: Restricted location detected. Cannot create Binance client.
2026-03-13 11:12:37,599 - ERROR - CRITICAL: Restricted location detected. Cannot create Binance client.
2026-03-13 11:12:39,679 - ERROR - CRITICAL: Restricted location detected. Cannot create Binance client.
2026-03-13 11:12:39,760 - ERROR - CRITICAL: Restricted location detected. Cannot create Binance client.
2026-03-13 11:12:39,843 - ERROR - CRITICAL: Restricted location detected. Cannot create Binance client.
2026-03-13 11:12:41,927 - ERROR - CRITICAL: Restricted location detected. Cannot create Binance client.
2026-03-13 11:12:42,007 - ERROR - CRITICAL: Restricted location detected. Cannot create Binance client.
2026-03-13 11:12:42,087 - ERROR - CRITICAL: Restricted location detected. Cannot create Binance client.
2026-03-13 11:12:44,171 - ERROR - CRITICAL: Restricted location detected. Cannot create Binance client.
2026-03-13 11:12:44,251 - ERROR - CRITICAL: Restricted location detected. Cannot create Binance client.
2026-03-13 11:12:44,333 - ERROR - CRITICAL: Restricted location detected. Cannot create Binance client.
2026-03-13 11:12:46,417 - ERROR - CRITICAL: Restricted location detected. Cannot create Binance client.
2026-03-13 11:12:46,498 - ERROR - CRITICAL: Restricted location detected. Cannot create Binance client.
2026-03-13 11:12:46,578 - ERROR - CRITICAL: Restricted location detected. Cannot create Binance client.
2026-03-13 11:12:48,659 - ERROR - CRITICAL: Restricted location detected. Cannot create Binance client.
2026-03-13 11:12:48,738 - ERROR - CRITICAL: Restricted location detected. Cannot create Binance client.
2026-03-13 11:12:48,818 - ERROR - CRITICAL: Restricted location detected. Cannot create Binance client.
2026-03-13 11:12:50,900 - ERROR - CRITICAL: Restricted location detected. Cannot create Binance client.
2026-03-13 11:12:50,983 - ERROR - CRITICAL: Restricted location detected. Cannot create Binance client.
2026-03-13 11:12:51,063 - ERROR - CRITICAL: Restricted location detected. Cannot create Binance client.
2026-03-13 11:12:53,143 - ERROR - CRITICAL: Restricted location detected. Cannot create Binance client.
2026-03-13 11:12:53,222 - ERROR - CRITICAL: Restricted location detected. Cannot create Binance client.
2026-03-13 11:12:53,300 - ERROR - CRITICAL: Restricted location detected. Cannot create Binance client.
2026-03-13 11:12:55,385 - ERROR - CRITICAL: Restricted location detected. Cannot create Binance client.
2026-03-13 11:12:55,466 - ERROR - CRITICAL: Restricted location detected. Cannot create Binance client.
2026-03-13 11:12:55,547 - ERROR - CRITICAL: Restricted location detected. Cannot create Binance client.
2026-03-13 11:12:57,627 - ERROR - CRITICAL: Restricted location detected. Cannot create Binance client.
2026-03-13 11:12:57,706 - ERROR - CRITICAL: Restricted location detected. Cannot create Binance client.
2026-03-13 11:12:57,787 - ERROR - CRITICAL: Restricted location detected. Cannot create Binance client.
2026-03-13 11:12:59,868 - ERROR - CRITICAL: Restricted location detected. Cannot create Binance client.
2026-03-13 11:12:59,948 - ERROR - CRITICAL: Restricted location detected. Cannot create Binance client.
2026-03-13 11:13:00,027 - ERROR - CRITICAL: Restricted location detected. Cannot create Binance client.
2026-03-13 11:13:02,108 - ERROR - CRITICAL: Restricted location detected. Cannot create Binance client.
2026-03-13 11:13:02,187 - ERROR - CRITICAL: Restricted location detected. Cannot create Binance client.
2026-03-13 11:13:02,267 - ERROR - CRITICAL: Restricted location detected. Cannot create Binance client.
2026-03-13 11:13:04,347 - ERROR - CRITICAL: Restricted location detected. Cannot create Binance client.
2026-03-13 11:13:04,427 - ERROR - CRITICAL: Restricted location detected. Cannot create Binance client.
2026-03-13 11:13:04,507 - ERROR - CRITICAL: Restricted location detected. Cannot create Binance client.
2026-03-13 11:13:06,586 - ERROR - CRITICAL: Restricted location detected. Cannot create Binance client.
2026-03-13 11:13:06,668 - ERROR - CRITICAL: Restricted location detected. Cannot create Binance client.
2026-03-13 11:13:06,748 - ERROR - CRITICAL: Restricted location detected. Cannot create Binance client.
2026-03-13 11:13:08,830 - ERROR - CRITICAL: Restricted location detected. Cannot create Binance client.
2026-03-13 11:13:08,910 - ERROR - CRITICAL: Restricted location detected. Cannot create Binance client.
2026-03-13 11:13:08,990 - ERROR - CRITICAL: Restricted location detected. Cannot create Binance client.
2026-03-13 11:13:11,070 - ERROR - CRITICAL: Restricted location detected. Cannot create Binance client.
2026-03-13 11:13:11,152 - ERROR - CRITICAL: Restricted location detected. Cannot create Binance client.
2026-03-13 11:13:11,235 - ERROR - CRITICAL: Restricted location detected. Cannot create Binance client.
2026-03-13 11:13:13,315 - ERROR - CRITICAL: Restricted location detected. Cannot create Binance client.
2026-03-13 11:13:13,397 - ERROR - CRITICAL: Restricted location detected. Cannot create Binance client.
2026-03-13 11:13:13,477 - ERROR - CRITICAL: Restricted location detected. Cannot create Binance client.
2026-03-13 11:13:15,574 - ERROR - CRITICAL: Restricted location detected. Cannot create Binance client.
2026-03-13 11:13:15,653 - ERROR - CRITICAL: Restricted location detected. Cannot create Binance client.
2026-03-13 11:13:15,737 - ERROR - CRITICAL: Restricted location detected. Cannot create Binance client.
2026-03-13 11:13:17,820 - ERROR - CRITICAL: Restricted location detected. Cannot create Binance client.
2026-03-13 11:13:17,902 - ERROR - CRITICAL: Restricted location detected. Cannot create Binance client.
2026-03-13 11:13:17,983 - ERROR - CRITICAL: Restricted location detected. Cannot create Binance client.
2026-03-13 11:13:20,063 - ERROR - CRITICAL: Restricted location detected. Cannot create Binance client.
2026-03-13 11:13:20,145 - ERROR - CRITICAL: Restricted location detected. Cannot create Binance client.
2026-03-13 11:13:20,225 - ERROR - CRITICAL: Restricted location detected. Cannot create Binance client.
2026-03-13 11:13:22,308 - ERROR - CRITICAL: Restricted location detected. Cannot create Binance client.
2026-03-13 11:13:22,387 - ERROR - CRITICAL: Restricted location detected. Cannot create Binance client.
2026-03-13 11:13:22,466 - ERROR - CRITICAL: Restricted location detected. Cannot create Binance client.
2026-03-13 11:13:24,546 - ERROR - CRITICAL: Restricted location detected. Cannot create Binance client.
2026-03-13 11:13:24,627 - ERROR - CRITICAL: Restricted location detected. Cannot create Binance client.
2026-03-13 11:13:24,708 - ERROR - CRITICAL: Restricted location detected. Cannot create Binance client.
2026-03-13 11:13:26,788 - ERROR - CRITICAL: Restricted location detected. Cannot create Binance client.
2026-03-13 11:13:26,865 - ERROR - CRITICAL: Restricted location detected. Cannot create Binance client.
2026-03-13 11:13:26,944 - ERROR - CRITICAL: Restricted location detected. Cannot create Binance client.
2026-03-13 11:13:29,024 - ERROR - CRITICAL: Restricted location detected. Cannot create Binance client.
2026-03-13 11:13:29,104 - ERROR - CRITICAL: Restricted location detected. Cannot create Binance client.
2026-03-13 11:13:29,185 - ERROR - CRITICAL: Restricted location detected. Cannot create Binance client.
2026-03-13 11:13:31,267 - ERROR - CRITICAL: Restricted location detected. Cannot create Binance client.
2026-03-13 11:13:31,346 - ERROR - CRITICAL: Restricted location detected. Cannot create Binance client.
2026-03-13 11:13:31,425 - ERROR - CRITICAL: Restricted location detected. Cannot create Binance client.
2026-03-13 11:13:33,504 - ERROR - CRITICAL: Restricted location detected. Cannot create Binance client.
2026-03-13 11:13:33,587 - ERROR - CRITICAL: Restricted location detected. Cannot create Binance client.
2026-03-13 11:13:33,669 - ERROR - CRITICAL: Restricted location detected. Cannot create Binance client.
2026-03-13 11:13:35,748 - ERROR - CRITICAL: Restricted location detected. Cannot create Binance client.
2026-03-13 11:13:35,828 - ERROR - CRITICAL: Restricted location detected. Cannot create Binance client.
2026-03-13 11:13:35,907 - ERROR - CRITICAL: Restricted location detected. Cannot create Binance client.
2026-03-13 11:13:37,987 - ERROR - CRITICAL: Restricted location detected. Cannot create Binance client.
2026-03-13 11:13:38,069 - ERROR - CRITICAL: Restricted location detected. Cannot create Binance client.
2026-03-13 11:13:38,149 - ERROR - CRITICAL: Restricted location detected. Cannot create Binance client.
2026-03-13 11:13:40,232 - ERROR - CRITICAL: Restricted location detected. Cannot create Binance client.
2026-03-13 11:13:40,311 - ERROR - CRITICAL: Restricted location detected. Cannot create Binance client.
2026-03-13 11:13:40,392 - ERROR - CRITICAL: Restricted location detected. Cannot create Binance client.
2026-03-13 11:13:42,475 - ERROR - CRITICAL: Restricted location detected. Cannot create Binance client.
2026-03-13 11:13:42,557 - ERROR - CRITICAL: Restricted location detected. Cannot create Binance client.
2026-03-13 11:13:42,636 - ERROR - CRITICAL: Restricted location detected. Cannot create Binance client.
2026-03-13 11:13:44,721 - ERROR - CRITICAL: Restricted location detected. Cannot create Binance client.
2026-03-13 11:13:44,803 - ERROR - CRITICAL: Restricted location detected. Cannot create Binance client.
2026-03-13 11:13:44,885 - ERROR - CRITICAL: Restricted location detected. Cannot create Binance client.
2026-03-13 11:13:46,970 - ERROR - CRITICAL: Restricted location detected. Cannot create Binance client.
2026-03-13 11:13:47,049 - ERROR - CRITICAL: Restricted location detected. Cannot create Binance client.
2026-03-13 11:13:47,130 - ERROR - CRITICAL: Restricted location detected. Cannot create Binance client.
2026-03-13 11:13:49,211 - ERROR - CRITICAL: Restricted location detected. Cannot create Binance client.
2026-03-13 11:13:49,293 - ERROR - CRITICAL: Restricted location detected. Cannot create Binance client.
2026-03-13 11:13:49,371 - ERROR - CRITICAL: Restricted location detected. Cannot create Binance client.
2026-03-13 11:13:51,452 - ERROR - CRITICAL: Restricted location detected. Cannot create Binance client.
2026-03-13 11:13:51,534 - ERROR - CRITICAL: Restricted location detected. Cannot create Binance client.
2026-03-13 11:13:51,612 - ERROR - CRITICAL: Restricted location detected. Cannot create Binance client.
2026-03-13 11:13:53,695 - ERROR - CRITICAL: Restricted location detected. Cannot create Binance client.
2026-03-13 11:13:53,776 - ERROR - CRITICAL: Restricted location detected. Cannot create Binance client.
2026-03-13 11:13:53,857 - ERROR - CRITICAL: Restricted location detected. Cannot create Binance client.
2026-03-13 11:13:55,943 - ERROR - CRITICAL: Restricted location detected. Cannot create Binance client.
2026-03-13 11:13:56,027 - ERROR - CRITICAL: Restricted location detected. Cannot create Binance client.
2026-03-13 11:13:56,106 - ERROR - CRITICAL: Restricted location detected. Cannot create Binance client.
2026-03-13 11:13:58,185 - ERROR - CRITICAL: Restricted location detected. Cannot create Binance client.
2026-03-13 11:13:58,267 - ERROR - CRITICAL: Restricted location detected. Cannot create Binance client.
2026-03-13 11:13:58,345 - ERROR - CRITICAL: Restricted location detected. Cannot create Binance client.
2026-03-13 11:14:00,428 - ERROR - CRITICAL: Restricted location detected. Cannot create Binance client.
2026-03-13 11:14:00,510 - ERROR - CRITICAL: Restricted location detected. Cannot create Binance client.
2026-03-13 11:14:00,589 - ERROR - CRITICAL: Restricted location detected. Cannot create Binance client.
2026-03-13 11:14:02,672 - ERROR - CRITICAL: Restricted location detected. Cannot create Binance client.
2026-03-13 11:14:02,759 - ERROR - CRITICAL: Restricted location detected. Cannot create Binance client.
2026-03-13 11:14:02,855 - ERROR - CRITICAL: Restricted location detected. Cannot create Binance client.
2026-03-13 11:14:04,939 - ERROR - CRITICAL: Restricted location detected. Cannot create Binance client.
2026-03-13 11:14:05,018 - ERROR - CRITICAL: Restricted location detected. Cannot create Binance client.
2026-03-13 11:14:05,100 - ERROR - CRITICAL: Restricted location detected. Cannot create Binance client.
2026-03-13 11:14:07,180 - ERROR - CRITICAL: Restricted location detected. Cannot create Binance client.
2026-03-13 11:14:07,259 - ERROR - CRITICAL: Restricted location detected. Cannot create Binance client.
2026-03-13 11:14:07,338 - ERROR - CRITICAL: Restricted location detected. Cannot create Binance client.
2026-03-13 11:14:09,418 - ERROR - CRITICAL: Restricted location detected. Cannot create Binance client.
2026-03-13 11:14:09,499 - ERROR - CRITICAL: Restricted location detected. Cannot create Binance client.
2026-03-13 11:14:09,578 - ERROR - CRITICAL: Restricted location detected. Cannot create Binance client.
2026-03-13 11:14:11,658 - ERROR - CRITICAL: Restricted location detected. Cannot create Binance client.
2026-03-13 11:14:11,737 - ERROR - CRITICAL: Restricted location detected. Cannot create Binance client.
2026-03-13 11:14:11,821 - ERROR - CRITICAL: Restricted location detected. Cannot create Binance client.
2026-03-13 11:14:13,902 - ERROR - CRITICAL: Restricted location detected. Cannot create Binance client.
2026-03-13 11:14:13,982 - ERROR - CRITICAL: Restricted location detected. Cannot create Binance client.
2026-03-13 11:14:14,063 - ERROR - CRITICAL: Restricted location detected. Cannot create Binance client.
2026-03-13 11:14:16,168 - ERROR - CRITICAL: Restricted location detected. Cannot create Binance client.
2026-03-13 11:14:16,249 - ERROR - CRITICAL: Restricted location detected. Cannot create Binance client.
2026-03-13 11:14:16,332 - ERROR - CRITICAL: Restricted location detected. Cannot create Binance client.
2026-03-13 11:14:18,417 - ERROR - CRITICAL: Restricted location detected. Cannot create Binance client.
2026-03-13 11:14:18,500 - ERROR - CRITICAL: Restricted location detected. Cannot create Binance client.
2026-03-13 11:14:18,579 - ERROR - CRITICAL: Restricted location detected. Cannot create Binance client.
2026-03-13 11:14:20,673 - ERROR - CRITICAL: Restricted location detected. Cannot create Binance client.
2026-03-13 11:14:20,753 - ERROR - CRITICAL: Restricted location detected. Cannot create Binance client.
2026-03-13 11:14:20,837 - ERROR - CRITICAL: Restricted location detected. Cannot create Binance client.
2026-03-13 11:14:22,919 - ERROR - CRITICAL: Restricted location detected. Cannot create Binance client.
2026-03-13 11:14:23,000 - ERROR - CRITICAL: Restricted location detected. Cannot create Binance client.
2026-03-13 11:14:23,083 - ERROR - CRITICAL: Restricted location detected. Cannot create Binance client.
2026-03-13 11:14:25,200 - ERROR - CRITICAL: Restricted location detected. Cannot create Binance client.
2026-03-13 11:14:25,313 - ERROR - CRITICAL: Restricted location detected. Cannot create Binance client.
2026-03-13 11:14:25,430 - ERROR - CRITICAL: Restricted location detected. Cannot create Binance client.
2026-03-13 11:14:27,543 - ERROR - CRITICAL: Restricted location detected. Cannot create Binance client.
2026-03-13 11:14:27,656 - ERROR - CRITICAL: Restricted location detected. Cannot create Binance client.
2026-03-13 11:14:27,759 - ERROR - CRITICAL: Restricted location detected. Cannot create Binance client.
2026-03-13 11:14:29,843 - ERROR - CRITICAL: Restricted location detected. Cannot create Binance client.
2026-03-13 11:14:29,922 - ERROR - CRITICAL: Restricted location detected. Cannot create Binance client.
2026-03-13 11:14:30,003 - ERROR - CRITICAL: Restricted location detected. Cannot create Binance client.
2026-03-13 11:14:32,087 - ERROR - CRITICAL: Restricted location detected. Cannot create Binance client.
2026-03-13 11:14:32,170 - ERROR - CRITICAL: Restricted location detected. Cannot create Binance client.
2026-03-13 11:14:32,257 - ERROR - CRITICAL: Restricted location detected. Cannot create Binance client.
2026-03-13 11:14:34,341 - ERROR - CRITICAL: Restricted location detected. Cannot create Binance client.
2026-03-13 11:14:34,422 - ERROR - CRITICAL: Restricted location detected. Cannot create Binance client.
2026-03-13 11:14:34,504 - ERROR - CRITICAL: Restricted location detected. Cannot create Binance client.
2026-03-13 11:14:36,587 - ERROR - CRITICAL: Restricted location detected. Cannot create Binance client.
2026-03-13 11:14:36,666 - ERROR - CRITICAL: Restricted location detected. Cannot create Binance client.
2026-03-13 11:14:36,749 - ERROR - CRITICAL: Restricted location detected. Cannot create Binance client.
2026-03-13 11:14:38,836 - ERROR - CRITICAL: Restricted location detected. Cannot create Binance client.
2026-03-13 11:14:38,918 - ERROR - CRITICAL: Restricted location detected. Cannot create Binance client.
2026-03-13 11:14:39,008 - ERROR - CRITICAL: Restricted location detected. Cannot create Binance client.
2026-03-13 11:14:41,090 - ERROR - CRITICAL: Restricted location detected. Cannot create Binance client.
2026-03-13 11:14:41,169 - ERROR - CRITICAL: Restricted location detected. Cannot create Binance client.
2026-03-13 11:14:41,250 - ERROR - CRITICAL: Restricted location detected. Cannot create Binance client.
2026-03-13 11:14:43,333 - ERROR - CRITICAL: Restricted location detected. Cannot create Binance client.
2026-03-13 11:14:43,415 - ERROR - CRITICAL: Restricted location detected. Cannot create Binance client.
2026-03-13 11:14:43,495 - ERROR - CRITICAL: Restricted location detected. Cannot create Binance client.
2026-03-13 11:14:45,577 - ERROR - CRITICAL: Restricted location detected. Cannot create Binance client.
2026-03-13 11:14:45,660 - ERROR - CRITICAL: Restricted location detected. Cannot create Binance client.
2026-03-13 11:14:45,741 - ERROR - CRITICAL: Restricted location detected. Cannot create Binance client.
2026-03-13 11:14:47,844 - ERROR - CRITICAL: Restricted location detected. Cannot create Binance client.
2026-03-13 11:14:47,966 - ERROR - CRITICAL: Restricted location detected. Cannot create Binance client.
2026-03-13 11:14:48,083 - ERROR - CRITICAL: Restricted location detected. Cannot create Binance client.
2026-03-13 11:14:50,165 - ERROR - CRITICAL: Restricted location detected. Cannot create Binance client.
2026-03-13 11:14:50,247 - ERROR - CRITICAL: Restricted location detected. Cannot create Binance client.
2026-03-13 11:14:50,330 - ERROR - CRITICAL: Restricted location detected. Cannot create Binance client.
2026-03-13 11:14:52,412 - ERROR - CRITICAL: Restricted location detected. Cannot create Binance client.
2026-03-13 11:14:52,492 - ERROR - CRITICAL: Restricted location detected. Cannot create Binance client.
2026-03-13 11:14:52,572 - ERROR - CRITICAL: Restricted location detected. Cannot create Binance client.
2026-03-13 11:14:54,655 - ERROR - CRITICAL: Restricted location detected. Cannot create Binance client.
2026-03-13 11:14:54,738 - ERROR - CRITICAL: Restricted location detected. Cannot create Binance client.
2026-03-13 11:14:54,820 - ERROR - CRITICAL: Restricted location detected. Cannot create Binance client.
2026-03-13 11:14:56,903 - ERROR - CRITICAL: Restricted location detected. Cannot create Binance client.
2026-03-13 11:14:56,985 - ERROR - CRITICAL: Restricted location detected. Cannot create Binance client.
2026-03-13 11:14:57,066 - ERROR - CRITICAL: Restricted location detected. Cannot create Binance client.
2026-03-13 11:14:59,146 - ERROR - CRITICAL: Restricted location detected. Cannot create Binance client.
2026-03-13 11:14:59,229 - ERROR - CRITICAL: Restricted location detected. Cannot create Binance client.
2026-03-13 11:14:59,307 - ERROR - CRITICAL: Restricted location detected. Cannot create Binance client.
2026-03-13 11:15:01,387 - ERROR - CRITICAL: Restricted location detected. Cannot create Binance client.
2026-03-13 11:15:01,469 - ERROR - CRITICAL: Restricted location detected. Cannot create Binance client.
2026-03-13 11:15:01,549 - ERROR - CRITICAL: Restricted location detected. Cannot create Binance client.
2026-03-13 11:15:03,637 - ERROR - CRITICAL: Restricted location detected. Cannot create Binance client.
2026-03-13 11:15:03,804 - ERROR - CRITICAL: Restricted location detected. Cannot create Binance client.
2026-03-13 11:15:03,883 - ERROR - CRITICAL: Restricted location detected. Cannot create Binance client.
2026-03-13 11:15:05,964 - ERROR - CRITICAL: Restricted location detected. Cannot create Binance client.
2026-03-13 11:15:06,045 - ERROR - CRITICAL: Restricted location detected. Cannot create Binance client.
2026-03-13 11:15:06,126 - ERROR - CRITICAL: Restricted location detected. Cannot create Binance client.
2026-03-13 11:15:08,208 - ERROR - CRITICAL: Restricted location detected. Cannot create Binance client.
2026-03-13 11:15:08,292 - ERROR - CRITICAL: Restricted location detected. Cannot create Binance client.
2026-03-13 11:15:08,372 - ERROR - CRITICAL: Restricted location detected. Cannot create Binance client.
2026-03-13 11:15:10,457 - ERROR - CRITICAL: Restricted location detected. Cannot create Binance client.
2026-03-13 11:15:10,538 - ERROR - CRITICAL: Restricted location detected. Cannot create Binance client.
2026-03-13 11:15:10,619 - ERROR - CRITICAL: Restricted location detected. Cannot create Binance client.
2026-03-13 11:15:12,704 - ERROR - CRITICAL: Restricted location detected. Cannot create Binance client.
2026-03-13 11:15:12,788 - ERROR - CRITICAL: Restricted location detected. Cannot create Binance client.
2026-03-13 11:15:12,874 - ERROR - CRITICAL: Restricted location detected. Cannot create Binance client.
2026-03-13 11:15:14,953 - ERROR - CRITICAL: Restricted location detected. Cannot create Binance client.
2026-03-13 11:15:15,033 - ERROR - CRITICAL: Restricted location detected. Cannot create Binance client.
2026-03-13 11:15:15,111 - ERROR - CRITICAL: Restricted location detected. Cannot create Binance client.
2026-03-13 11:15:17,207 - ERROR - CRITICAL: Restricted location detected. Cannot create Binance client.
2026-03-13 11:15:17,286 - ERROR - CRITICAL: Restricted location detected. Cannot create Binance client.
2026-03-13 11:15:17,366 - ERROR - CRITICAL: Restricted location detected. Cannot create Binance client.
2026-03-13 11:15:19,446 - ERROR - CRITICAL: Restricted location detected. Cannot create Binance client.
2026-03-13 11:15:19,525 - ERROR - CRITICAL: Restricted location detected. Cannot create Binance client.
2026-03-13 11:15:19,604 - ERROR - CRITICAL: Restricted location detected. Cannot create Binance client.
2026-03-13 11:15:21,684 - ERROR - CRITICAL: Restricted location detected. Cannot create Binance client.
2026-03-13 11:15:21,766 - ERROR - CRITICAL: Restricted location detected. Cannot create Binance client.
2026-03-13 11:15:21,844 - ERROR - CRITICAL: Restricted location detected. Cannot create Binance client.
2026-03-13 11:15:23,928 - ERROR - CRITICAL: Restricted location detected. Cannot create Binance client.
2026-03-13 11:15:24,007 - ERROR - CRITICAL: Restricted location detected. Cannot create Binance client.
2026-03-13 11:15:24,085 - ERROR - CRITICAL: Restricted location detected. Cannot create Binance client.
2026-03-13 11:15:26,165 - ERROR - CRITICAL: Restricted location detected. Cannot create Binance client.
2026-03-13 11:15:26,244 - ERROR - CRITICAL: Restricted location detected. Cannot create Binance client.
2026-03-13 11:15:26,320 - ERROR - CRITICAL: Restricted location detected. Cannot create Binance client.
2026-03-13 11:15:28,400 - ERROR - CRITICAL: Restricted location detected. Cannot create Binance client.
2026-03-13 11:15:28,482 - ERROR - CRITICAL: Restricted location detected. Cannot create Binance client.
2026-03-13 11:15:28,561 - ERROR - CRITICAL: Restricted location detected. Cannot create Binance client.
2026-03-13 11:15:30,642 - ERROR - CRITICAL: Restricted location detected. Cannot create Binance client.
2026-03-13 11:15:30,725 - ERROR - CRITICAL: Restricted location detected. Cannot create Binance client.
2026-03-13 11:15:30,806 - ERROR - CRITICAL: Restricted location detected. Cannot create Binance client.
2026-03-13 11:15:32,889 - ERROR - CRITICAL: Restricted location detected. Cannot create Binance client.
2026-03-13 11:15:32,969 - ERROR - CRITICAL: Restricted location detected. Cannot create Binance client.
2026-03-13 11:15:33,050 - ERROR - CRITICAL: Restricted location detected. Cannot create Binance client.
2026-03-13 11:15:35,130 - ERROR - CRITICAL: Restricted location detected. Cannot create Binance client.
2026-03-13 11:15:35,210 - ERROR - CRITICAL: Restricted location detected. Cannot create Binance client.
2026-03-13 11:15:35,290 - ERROR - CRITICAL: Restricted location detected. Cannot create Binance client.
2026-03-13 11:15:37,370 - ERROR - CRITICAL: Restricted location detected. Cannot create Binance client.
2026-03-13 11:15:37,450 - ERROR - CRITICAL: Restricted location detected. Cannot create Binance client.
2026-03-13 11:15:37,528 - ERROR - CRITICAL: Restricted location detected. Cannot create Binance client.
2026-03-13 11:15:39,609 - ERROR - CRITICAL: Restricted location detected. Cannot create Binance client.
2026-03-13 11:15:39,688 - ERROR - CRITICAL: Restricted location detected. Cannot create Binance client.
2026-03-13 11:15:39,767 - ERROR - CRITICAL: Restricted location detected. Cannot create Binance client.
2026-03-13 11:15:41,850 - ERROR - CRITICAL: Restricted location detected. Cannot create Binance client.
2026-03-13 11:15:41,931 - ERROR - CRITICAL: Restricted location detected. Cannot create Binance client.
2026-03-13 11:15:42,013 - ERROR - CRITICAL: Restricted location detected. Cannot create Binance client.
2026-03-13 11:15:44,093 - ERROR - CRITICAL: Restricted location detected. Cannot create Binance client.
2026-03-13 11:15:44,171 - ERROR - CRITICAL: Restricted location detected. Cannot create Binance client.
2026-03-13 11:15:44,251 - ERROR - CRITICAL: Restricted location detected. Cannot create Binance client.
2026-03-13 11:15:46,333 - ERROR - CRITICAL: Restricted location detected. Cannot create Binance client.
2026-03-13 11:15:46,411 - ERROR - CRITICAL: Restricted location detected. Cannot create Binance client.
2026-03-13 11:15:46,490 - ERROR - CRITICAL: Restricted location detected. Cannot create Binance client.
2026-03-13 11:15:48,573 - ERROR - CRITICAL: Restricted location detected. Cannot create Binance client.
2026-03-13 11:15:48,652 - ERROR - CRITICAL: Restricted location detected. Cannot create Binance client.
2026-03-13 11:15:48,730 - ERROR - CRITICAL: Restricted location detected. Cannot create Binance client.
2026-03-13 11:15:50,817 - ERROR - CRITICAL: Restricted location detected. Cannot create Binance client.
2026-03-13 11:15:50,904 - ERROR - CRITICAL: Restricted location detected. Cannot create Binance client.
2026-03-13 11:15:50,988 - ERROR - CRITICAL: Restricted location detected. Cannot create Binance client.
2026-03-13 11:15:53,070 - ERROR - CRITICAL: Restricted location detected. Cannot create Binance client.
2026-03-13 11:15:53,153 - ERROR - CRITICAL: Restricted location detected. Cannot create Binance client.
2026-03-13 11:15:53,235 - ERROR - CRITICAL: Restricted location detected. Cannot create Binance client.
2026-03-13 11:15:55,318 - ERROR - CRITICAL: Restricted location detected. Cannot create Binance client.
2026-03-13 11:15:55,397 - ERROR - CRITICAL: Restricted location detected. Cannot create Binance client.
2026-03-13 11:15:55,479 - ERROR - CRITICAL: Restricted location detected. Cannot create Binance client.
2026-03-13 11:15:57,563 - ERROR - CRITICAL: Restricted location detected. Cannot create Binance client.
2026-03-13 11:15:57,645 - ERROR - CRITICAL: Restricted location detected. Cannot create Binance client.
2026-03-13 11:15:57,725 - ERROR - CRITICAL: Restricted location detected. Cannot create Binance client.
2026-03-13 11:15:59,807 - ERROR - CRITICAL: Restricted location detected. Cannot create Binance client.
2026-03-13 11:15:59,888 - ERROR - CRITICAL: Restricted location detected. Cannot create Binance client.
2026-03-13 11:15:59,966 - ERROR - CRITICAL: Restricted location detected. Cannot create Binance client.
2026-03-13 11:16:02,045 - ERROR - CRITICAL: Restricted location detected. Cannot create Binance client.
2026-03-13 11:16:02,122 - ERROR - CRITICAL: Restricted location detected. Cannot create Binance client.
2026-03-13 11:16:02,200 - ERROR - CRITICAL: Restricted location detected. Cannot create Binance client.
2026-03-13 11:16:04,282 - ERROR - CRITICAL: Restricted location detected. Cannot create Binance client.
2026-03-13 11:16:04,364 - ERROR - CRITICAL: Restricted location detected. Cannot create Binance client.
2026-03-13 11:16:04,444 - ERROR - CRITICAL: Restricted location detected. Cannot create Binance client.
2026-03-13 11:16:06,525 - ERROR - CRITICAL: Restricted location detected. Cannot create Binance client.
2026-03-13 11:16:06,604 - ERROR - CRITICAL: Restricted location detected. Cannot create Binance client.
2026-03-13 11:16:06,691 - ERROR - CRITICAL: Restricted location detected. Cannot create Binance client.
2026-03-13 11:16:08,773 - ERROR - CRITICAL: Restricted location detected. Cannot create Binance client.
2026-03-13 11:16:08,854 - ERROR - CRITICAL: Restricted location detected. Cannot create Binance client.
2026-03-13 11:16:08,936 - ERROR - CRITICAL: Restricted location detected. Cannot create Binance client.
2026-03-13 11:16:11,018 - ERROR - CRITICAL: Restricted location detected. Cannot create Binance client.
2026-03-13 11:16:11,101 - ERROR - CRITICAL: Restricted location detected. Cannot create Binance client.
2026-03-13 11:16:11,181 - ERROR - CRITICAL: Restricted location detected. Cannot create Binance client.
2026-03-13 11:16:13,261 - ERROR - CRITICAL: Restricted location detected. Cannot create Binance client.
2026-03-13 11:16:13,339 - ERROR - CRITICAL: Restricted location detected. Cannot create Binance client.
2026-03-13 11:16:13,418 - ERROR - CRITICAL: Restricted location detected. Cannot create Binance client.
2026-03-13 11:16:15,498 - ERROR - CRITICAL: Restricted location detected. Cannot create Binance client.
2026-03-13 11:16:15,579 - ERROR - CRITICAL: Restricted location detected. Cannot create Binance client.
2026-03-13 11:16:15,659 - ERROR - CRITICAL: Restricted location detected. Cannot create Binance client.
2026-03-13 11:16:17,757 - ERROR - CRITICAL: Restricted location detected. Cannot create Binance client.
2026-03-13 11:16:17,839 - ERROR - CRITICAL: Restricted location detected. Cannot create Binance client.
2026-03-13 11:16:17,921 - ERROR - CRITICAL: Restricted location detected. Cannot create Binance client.
2026-03-13 11:16:20,002 - ERROR - CRITICAL: Restricted location detected. Cannot create Binance client.
2026-03-13 11:16:20,080 - ERROR - CRITICAL: Restricted location detected. Cannot create Binance client.
2026-03-13 11:16:20,161 - ERROR - CRITICAL: Restricted location detected. Cannot create Binance client.
2026-03-13 11:16:22,269 - ERROR - CRITICAL: Restricted location detected. Cannot create Binance client.
2026-03-13 11:16:22,347 - ERROR - CRITICAL: Restricted location detected. Cannot create Binance client.
2026-03-13 11:16:22,428 - ERROR - CRITICAL: Restricted location detected. Cannot create Binance client.
2026-03-13 11:16:24,507 - ERROR - CRITICAL: Restricted location detected. Cannot create Binance client.
2026-03-13 11:16:24,589 - ERROR - CRITICAL: Restricted location detected. Cannot create Binance client.
2026-03-13 11:16:24,667 - ERROR - CRITICAL: Restricted location detected. Cannot create Binance client.
2026-03-13 11:16:26,748 - ERROR - CRITICAL: Restricted location detected. Cannot create Binance client.
2026-03-13 11:16:26,826 - ERROR - CRITICAL: Restricted location detected. Cannot create Binance client.
2026-03-13 11:16:26,905 - ERROR - CRITICAL: Restricted location detected. Cannot create Binance client.
2026-03-13 11:16:29,020 - ERROR - CRITICAL: Restricted location detected. Cannot create Binance client.
2026-03-13 11:16:29,135 - ERROR - CRITICAL: Restricted location detected. Cannot create Binance client.
2026-03-13 11:16:29,247 - ERROR - CRITICAL: Restricted location detected. Cannot create Binance client.
2026-03-13 11:16:31,329 - ERROR - CRITICAL: Restricted location detected. Cannot create Binance client.
2026-03-13 11:16:31,407 - ERROR - CRITICAL: Restricted location detected. Cannot create Binance client.
2026-03-13 11:16:31,489 - ERROR - CRITICAL: Restricted location detected. Cannot create Binance client.
2026-03-13 11:16:33,572 - ERROR - CRITICAL: Restricted location detected. Cannot create Binance client.
2026-03-13 11:16:33,651 - ERROR - CRITICAL: Restricted location detected. Cannot create Binance client.
2026-03-13 11:16:33,730 - ERROR - CRITICAL: Restricted location detected. Cannot create Binance client.
2026-03-13 11:16:35,810 - ERROR - CRITICAL: Restricted location detected. Cannot create Binance client.
2026-03-13 11:16:35,889 - ERROR - CRITICAL: Restricted location detected. Cannot create Binance client.
2026-03-13 11:16:35,969 - ERROR - CRITICAL: Restricted location detected. Cannot create Binance client.
2026-03-13 11:16:38,049 - ERROR - CRITICAL: Restricted location detected. Cannot create Binance client.
2026-03-13 11:16:38,133 - ERROR - CRITICAL: Restricted location detected. Cannot create Binance client.
2026-03-13 11:16:38,216 - ERROR - CRITICAL: Restricted location detected. Cannot create Binance client.
2026-03-13 11:16:40,335 - ERROR - CRITICAL: Restricted location detected. Cannot create Binance client.
2026-03-13 11:16:40,496 - ERROR - CRITICAL: Restricted location detected. Cannot create Binance client.
2026-03-13 11:16:40,607 - ERROR - CRITICAL: Restricted location detected. Cannot create Binance client.
2026-03-13 11:16:42,692 - ERROR - CRITICAL: Restricted location detected. Cannot create Binance client.
2026-03-13 11:16:42,777 - ERROR - CRITICAL: Restricted location detected. Cannot create Binance client.
2026-03-13 11:16:42,866 - ERROR - CRITICAL: Restricted location detected. Cannot create Binance client.
2026-03-13 11:16:44,948 - ERROR - CRITICAL: Restricted location detected. Cannot create Binance client.
2026-03-13 11:16:45,026 - ERROR - CRITICAL: Restricted location detected. Cannot create Binance client.
2026-03-13 11:16:45,104 - ERROR - CRITICAL: Restricted location detected. Cannot create Binance client.
2026-03-13 11:16:47,183 - ERROR - CRITICAL: Restricted location detected. Cannot create Binance client.
2026-03-13 11:16:47,267 - ERROR - CRITICAL: Restricted location detected. Cannot create Binance client.
2026-03-13 11:16:47,345 - ERROR - CRITICAL: Restricted location detected. Cannot create Binance client.
2026-03-13 11:16:49,425 - ERROR - CRITICAL: Restricted location detected. Cannot create Binance client.
2026-03-13 11:16:49,508 - ERROR - CRITICAL: Restricted location detected. Cannot create Binance client.
2026-03-13 11:16:49,590 - ERROR - CRITICAL: Restricted location detected. Cannot create Binance client.
2026-03-13 11:16:51,670 - ERROR - CRITICAL: Restricted location detected. Cannot create Binance client.
2026-03-13 11:16:51,757 - ERROR - CRITICAL: Restricted location detected. Cannot create Binance client.
2026-03-13 11:16:51,840 - ERROR - CRITICAL: Restricted location detected. Cannot create Binance client.
2026-03-13 11:16:53,924 - ERROR - CRITICAL: Restricted location detected. Cannot create Binance client.
2026-03-13 11:16:54,007 - ERROR - CRITICAL: Restricted location detected. Cannot create Binance client.
2026-03-13 11:16:54,088 - ERROR - CRITICAL: Restricted location detected. Cannot create Binance client.
2026-03-13 11:16:56,168 - ERROR - CRITICAL: Restricted location detected. Cannot create Binance client.
2026-03-13 11:16:56,247 - ERROR - CRITICAL: Restricted location detected. Cannot create Binance client.
2026-03-13 11:16:56,325 - ERROR - CRITICAL: Restricted location detected. Cannot create Binance client.
2026-03-13 11:16:58,405 - ERROR - CRITICAL: Restricted location detected. Cannot create Binance client.
2026-03-13 11:16:58,486 - ERROR - CRITICAL: Restricted location detected. Cannot create Binance client.
2026-03-13 11:16:58,563 - ERROR - CRITICAL: Restricted location detected. Cannot create Binance client.
2026-03-13 11:17:00,644 - ERROR - CRITICAL: Restricted location detected. Cannot create Binance client.
2026-03-13 11:17:00,725 - ERROR - CRITICAL: Restricted location detected. Cannot create Binance client.
2026-03-13 11:17:00,802 - ERROR - CRITICAL: Restricted location detected. Cannot create Binance client.
2026-03-13 11:17:02,885 - ERROR - CRITICAL: Restricted location detected. Cannot create Binance client.
2026-03-13 11:17:02,964 - ERROR - CRITICAL: Restricted location detected. Cannot create Binance client.
2026-03-13 11:17:03,058 - ERROR - CRITICAL: Restricted location detected. Cannot create Binance client.
2026-03-13 11:17:05,137 - ERROR - CRITICAL: Restricted location detected. Cannot create Binance client.
2026-03-13 11:17:05,215 - ERROR - CRITICAL: Restricted location detected. Cannot create Binance client.
2026-03-13 11:17:05,298 - ERROR - CRITICAL: Restricted location detected. Cannot create Binance client.
2026-03-13 11:17:07,376 - ERROR - CRITICAL: Restricted location detected. Cannot create Binance client.
2026-03-13 11:17:07,456 - ERROR - CRITICAL: Restricted location detected. Cannot create Binance client.
2026-03-13 11:17:07,537 - ERROR - CRITICAL: Restricted location detected. Cannot create Binance client.
2026-03-13 11:17:09,619 - ERROR - CRITICAL: Restricted location detected. Cannot create Binance client.
2026-03-13 11:17:09,701 - ERROR - CRITICAL: Restricted location detected. Cannot create Binance client.
2026-03-13 11:17:09,780 - ERROR - CRITICAL: Restricted location detected. Cannot create Binance client.
2026-03-13 11:17:11,861 - ERROR - CRITICAL: Restricted location detected. Cannot create Binance client.
2026-03-13 11:17:11,940 - ERROR - CRITICAL: Restricted location detected. Cannot create Binance client.
2026-03-13 11:17:12,020 - ERROR - CRITICAL: Restricted location detected. Cannot create Binance client.
2026-03-13 11:17:14,102 - ERROR - CRITICAL: Restricted location detected. Cannot create Binance client.
2026-03-13 11:17:14,181 - ERROR - CRITICAL: Restricted location detected. Cannot create Binance client.
2026-03-13 11:17:14,265 - ERROR - CRITICAL: Restricted location detected. Cannot create Binance client.
2026-03-13 11:17:16,347 - ERROR - CRITICAL: Restricted location detected. Cannot create Binance client.
2026-03-13 11:17:16,426 - ERROR - CRITICAL: Restricted location detected. Cannot create Binance client.
2026-03-13 11:17:16,505 - ERROR - CRITICAL: Restricted location detected. Cannot create Binance client.
2026-03-13 11:17:16,507 - WARNING - Warning: Symbol BTCUSDC not found on Binance. Please check if it is a valid USDC pair.
2026-03-13 11:17:16,507 - WARNING - Warning: Symbol LINKUSDC not found on Binance. Please check if it is a valid USDC pair.
2026-03-13 11:17:16,507 - WARNING - Warning: Symbol DOGEUSDC not found on Binance. Please check if it is a valid USDC pair.
2026-03-13 11:17:16,507 - WARNING - Warning: Symbol SOLUSDC not found on Binance. Please check if it is a valid USDC pair.
2026-03-13 11:17:18,601 - ERROR - CRITICAL: Restricted location detected. Cannot create Binance client.
2026-03-13 11:17:18,680 - ERROR - CRITICAL: Restricted location detected. Cannot create Binance client.
2026-03-13 11:17:18,761 - ERROR - CRITICAL: Restricted location detected. Cannot create Binance client.
2026-03-13 11:17:20,843 - ERROR - CRITICAL: Restricted location detected. Cannot create Binance client.
2026-03-13 11:17:20,923 - ERROR - CRITICAL: Restricted location detected. Cannot create Binance client.
2026-03-13 11:17:21,007 - ERROR - CRITICAL: Restricted location detected. Cannot create Binance client.
2026-03-13 11:17:23,086 - ERROR - CRITICAL: Restricted location detected. Cannot create Binance client.
2026-03-13 11:17:23,164 - ERROR - CRITICAL: Restricted location detected. Cannot create Binance client.
2026-03-13 11:17:23,244 - ERROR - CRITICAL: Restricted location detected. Cannot create Binance client.
2026-03-13 11:17:25,323 - ERROR - CRITICAL: Restricted location detected. Cannot create Binance client.
2026-03-13 11:17:25,401 - ERROR - CRITICAL: Restricted location detected. Cannot create Binance client.
2026-03-13 11:17:25,479 - ERROR - CRITICAL: Restricted location detected. Cannot create Binance client.
2026-03-13 11:17:27,559 - ERROR - CRITICAL: Restricted location detected. Cannot create Binance client.
2026-03-13 11:17:27,639 - ERROR - CRITICAL: Restricted location detected. Cannot create Binance client.
2026-03-13 11:17:27,717 - ERROR - CRITICAL: Restricted location detected. Cannot create Binance client.
2026-03-13 11:17:29,801 - ERROR - CRITICAL: Restricted location detected. Cannot create Binance client.
2026-03-13 11:17:29,879 - ERROR - CRITICAL: Restricted location detected. Cannot create Binance client.
2026-03-13 11:17:29,956 - ERROR - CRITICAL: Restricted location detected. Cannot create Binance client.
2026-03-13 11:17:32,038 - ERROR - CRITICAL: Restricted location detected. Cannot create Binance client.
2026-03-13 11:17:32,119 - ERROR - CRITICAL: Restricted location detected. Cannot create Binance client.
2026-03-13 11:17:32,200 - ERROR - CRITICAL: Restricted location detected. Cannot create Binance client.
2026-03-13 11:17:34,279 - ERROR - CRITICAL: Restricted location detected. Cannot create Binance client.
2026-03-13 11:17:34,357 - ERROR - CRITICAL: Restricted location detected. Cannot create Binance client.
2026-03-13 11:17:34,436 - ERROR - CRITICAL: Restricted location detected. Cannot create Binance client.
2026-03-13 11:17:36,518 - ERROR - CRITICAL: Restricted location detected. Cannot create Binance client.
2026-03-13 11:17:36,596 - ERROR - CRITICAL: Restricted location detected. Cannot create Binance client.
2026-03-13 11:17:36,677 - ERROR - CRITICAL: Restricted location detected. Cannot create Binance client.
2026-03-13 11:17:38,757 - ERROR - CRITICAL: Restricted location detected. Cannot create Binance client.
2026-03-13 11:17:38,837 - ERROR - CRITICAL: Restricted location detected. Cannot create Binance client.
2026-03-13 11:17:38,917 - ERROR - CRITICAL: Restricted location detected. Cannot create Binance client.
2026-03-13 11:17:40,997 - ERROR - CRITICAL: Restricted location detected. Cannot create Binance client.
2026-03-13 11:17:41,075 - ERROR - CRITICAL: Restricted location detected. Cannot create Binance client.
2026-03-13 11:17:41,153 - ERROR - CRITICAL: Restricted location detected. Cannot create Binance client.
2026-03-13 11:17:43,232 - ERROR - CRITICAL: Restricted location detected. Cannot create Binance client.
2026-03-13 11:17:43,312 - ERROR - CRITICAL: Restricted location detected. Cannot create Binance client.
2026-03-13 11:17:43,389 - ERROR - CRITICAL: Restricted location detected. Cannot create Binance client.
2026-03-13 11:17:45,468 - ERROR - CRITICAL: Restricted location detected. Cannot create Binance client.
2026-03-13 11:17:45,548 - ERROR - CRITICAL: Restricted location detected. Cannot create Binance client.
2026-03-13 11:17:45,627 - ERROR - CRITICAL: Restricted location detected. Cannot create Binance client.
2026-03-13 11:17:47,709 - ERROR - CRITICAL: Restricted location detected. Cannot create Binance client.
2026-03-13 11:17:47,789 - ERROR - CRITICAL: Restricted location detected. Cannot create Binance client.
2026-03-13 11:17:47,868 - ERROR - CRITICAL: Restricted location detected. Cannot create Binance client.
2026-03-13 11:17:49,947 - ERROR - CRITICAL: Restricted location detected. Cannot create Binance client.
2026-03-13 11:17:50,026 - ERROR - CRITICAL: Restricted location detected. Cannot create Binance client.
2026-03-13 11:17:50,104 - ERROR - CRITICAL: Restricted location detected. Cannot create Binance client.
2026-03-13 11:17:52,184 - ERROR - CRITICAL: Restricted location detected. Cannot create Binance client.
2026-03-13 11:17:52,261 - ERROR - CRITICAL: Restricted location detected. Cannot create Binance client.
2026-03-13 11:17:52,341 - ERROR - CRITICAL: Restricted location detected. Cannot create Binance client.
2026-03-13 11:17:54,424 - ERROR - CRITICAL: Restricted location detected. Cannot create Binance client.
2026-03-13 11:17:54,502 - ERROR - CRITICAL: Restricted location detected. Cannot create Binance client.
2026-03-13 11:17:54,582 - ERROR - CRITICAL: Restricted location detected. Cannot create Binance client.
2026-03-13 11:17:56,662 - ERROR - CRITICAL: Restricted location detected. Cannot create Binance client.
2026-03-13 11:17:56,743 - ERROR - CRITICAL: Restricted location detected. Cannot create Binance client.
2026-03-13 11:17:56,823 - ERROR - CRITICAL: Restricted location detected. Cannot create Binance client.
2026-03-13 11:17:58,902 - ERROR - CRITICAL: Restricted location detected. Cannot create Binance client.
2026-03-13 11:17:58,986 - ERROR - CRITICAL: Restricted location detected. Cannot create Binance client.
2026-03-13 11:17:59,064 - ERROR - CRITICAL: Restricted location detected. Cannot create Binance client.
2026-03-13 11:18:01,147 - ERROR - CRITICAL: Restricted location detected. Cannot create Binance client.
2026-03-13 11:18:01,229 - ERROR - CRITICAL: Restricted location detected. Cannot create Binance client.
2026-03-13 11:18:01,311 - ERROR - CRITICAL: Restricted location detected. Cannot create Binance client.
2026-03-13 11:18:03,391 - ERROR - CRITICAL: Restricted location detected. Cannot create Binance client.
2026-03-13 11:18:03,469 - ERROR - CRITICAL: Restricted location detected. Cannot create Binance client.
2026-03-13 11:18:03,548 - ERROR - CRITICAL: Restricted location detected. Cannot create Binance client.
2026-03-13 11:18:05,632 - ERROR - CRITICAL: Restricted location detected. Cannot create Binance client.
2026-03-13 11:18:05,713 - ERROR - CRITICAL: Restricted location detected. Cannot create Binance client.
2026-03-13 11:18:05,794 - ERROR - CRITICAL: Restricted location detected. Cannot create Binance client.
2026-03-13 11:18:07,873 - ERROR - CRITICAL: Restricted location detected. Cannot create Binance client.
2026-03-13 11:18:07,952 - ERROR - CRITICAL: Restricted location detected. Cannot create Binance client.
2026-03-13 11:18:08,030 - ERROR - CRITICAL: Restricted location detected. Cannot create Binance client.
2026-03-13 11:18:10,110 - ERROR - CRITICAL: Restricted location detected. Cannot create Binance client.
2026-03-13 11:18:10,189 - ERROR - CRITICAL: Restricted location detected. Cannot create Binance client.
2026-03-13 11:18:10,269 - ERROR - CRITICAL: Restricted location detected. Cannot create Binance client.
2026-03-13 11:18:12,354 - ERROR - CRITICAL: Restricted location detected. Cannot create Binance client.
2026-03-13 11:18:12,433 - ERROR - CRITICAL: Restricted location detected. Cannot create Binance client.
2026-03-13 11:18:12,516 - ERROR - CRITICAL: Restricted location detected. Cannot create Binance client.
2026-03-13 11:18:14,597 - ERROR - CRITICAL: Restricted location detected. Cannot create Binance client.
2026-03-13 11:18:14,679 - ERROR - CRITICAL: Restricted location detected. Cannot create Binance client.
2026-03-13 11:18:14,757 - ERROR - CRITICAL: Restricted location detected. Cannot create Binance client.
2026-03-13 11:18:16,839 - ERROR - CRITICAL: Restricted location detected. Cannot create Binance client.
2026-03-13 11:18:16,920 - ERROR - CRITICAL: Restricted location detected. Cannot create Binance client.
2026-03-13 11:18:17,000 - ERROR - CRITICAL: Restricted location detected. Cannot create Binance client.
2026-03-13 11:18:19,098 - ERROR - CRITICAL: Restricted location detected. Cannot create Binance client.
2026-03-13 11:18:19,180 - ERROR - CRITICAL: Restricted location detected. Cannot create Binance client.
2026-03-13 11:18:19,266 - ERROR - CRITICAL: Restricted location detected. Cannot create Binance client.
2026-03-13 11:18:21,349 - ERROR - CRITICAL: Restricted location detected. Cannot create Binance client.
2026-03-13 11:18:21,428 - ERROR - CRITICAL: Restricted location detected. Cannot create Binance client.
2026-03-13 11:18:21,508 - ERROR - CRITICAL: Restricted location detected. Cannot create Binance client.
2026-03-13 11:18:23,589 - ERROR - CRITICAL: Restricted location detected. Cannot create Binance client.
2026-03-13 11:18:23,670 - ERROR - CRITICAL: Restricted location detected. Cannot create Binance client.
2026-03-13 11:18:23,752 - ERROR - CRITICAL: Restricted location detected. Cannot create Binance client.
2026-03-13 11:18:25,837 - ERROR - CRITICAL: Restricted location detected. Cannot create Binance client.
2026-03-13 11:18:25,918 - ERROR - CRITICAL: Restricted location detected. Cannot create Binance client.
2026-03-13 11:18:26,001 - ERROR - CRITICAL: Restricted location detected. Cannot create Binance client.
2026-03-13 11:18:28,083 - ERROR - CRITICAL: Restricted location detected. Cannot create Binance client.
2026-03-13 11:18:28,162 - ERROR - CRITICAL: Restricted location detected. Cannot create Binance client.
2026-03-13 11:18:28,242 - ERROR - CRITICAL: Restricted location detected. Cannot create Binance client.
2026-03-13 11:18:30,352 - ERROR - CRITICAL: Restricted location detected. Cannot create Binance client.
2026-03-13 11:18:30,447 - ERROR - CRITICAL: Restricted location detected. Cannot create Binance client.
2026-03-13 11:18:30,528 - ERROR - CRITICAL: Restricted location detected. Cannot create Binance client.
2026-03-13 11:18:32,641 - ERROR - CRITICAL: Restricted location detected. Cannot create Binance client.
2026-03-13 11:18:32,749 - ERROR - CRITICAL: Restricted location detected. Cannot create Binance client.
2026-03-13 11:18:32,857 - ERROR - CRITICAL: Restricted location detected. Cannot create Binance client.
2026-03-13 11:18:34,968 - ERROR - CRITICAL: Restricted location detected. Cannot create Binance client.
2026-03-13 11:18:35,085 - ERROR - CRITICAL: Restricted location detected. Cannot create Binance client.
2026-03-13 11:18:35,191 - ERROR - CRITICAL: Restricted location detected. Cannot create Binance client.
2026-03-13 11:18:37,275 - INFO - 127.0.0.1 - - [13/Mar/2026 11:18:37] "GET / HTTP/1.1" 200 -
2026-03-13 11:18:37,305 - ERROR - CRITICAL: Restricted location detected. Cannot create Binance client.
2026-03-13 11:18:37,415 - INFO - 127.0.0.1 - - [13/Mar/2026 11:18:37] "GET /static/css/style.css HTTP/1.1" 200 -
2026-03-13 11:18:37,417 - INFO - 127.0.0.1 - - [13/Mar/2026 11:18:37] "GET /static/js/app.js HTTP/1.1" 200 -
2026-03-13 11:18:37,446 - ERROR - CRITICAL: Restricted location detected. Cannot create Binance client.
2026-03-13 11:18:37,554 - ERROR - CRITICAL: Restricted location detected. Cannot create Binance client.
2026-03-13 11:18:37,933 - INFO - 127.0.0.1 - - [13/Mar/2026 11:18:37] "GET /socket.io/?EIO=4&transport=polling&t=PpcwtfL HTTP/1.1" 200 -
2026-03-13 11:18:37,944 - INFO - 127.0.0.1 - - [13/Mar/2026 11:18:37] "GET /api/config HTTP/1.1" 200 -
2026-03-13 11:18:37,996 - INFO - 127.0.0.1 - - [13/Mar/2026 11:18:37] "GET /socket.io/?EIO=4&transport=polling&t=PpcwtgA&sid=Ro_Y3y6cbESFpZ4XAAAA HTTP/1.1" 200 -
2026-03-13 11:18:38,013 - INFO - 127.0.0.1 - - [13/Mar/2026 11:18:38] "POST /socket.io/?EIO=4&transport=polling&t=Ppcwtg2&sid=Ro_Y3y6cbESFpZ4XAAAA HTTP/1.1" 200 -
2026-03-13 11:18:38,089 - INFO - 127.0.0.1 - - [13/Mar/2026 11:18:38] "GET /socket.io/?EIO=4&transport=polling&t=Ppcwti0&sid=Ro_Y3y6cbESFpZ4XAAAA HTTP/1.1" 200 -
2026-03-13 11:18:38,099 - INFO - 127.0.0.1 - - [13/Mar/2026 11:18:38] "GET /socket.io/?EIO=4&transport=polling&t=PpcwtiF&sid=Ro_Y3y6cbESFpZ4XAAAA HTTP/1.1" 200 -
2026-03-13 11:18:39,638 - ERROR - CRITICAL: Restricted location detected. Cannot create Binance client.
2026-03-13 11:18:39,721 - ERROR - CRITICAL: Restricted location detected. Cannot create Binance client.
2026-03-13 11:18:39,805 - ERROR - CRITICAL: Restricted location detected. Cannot create Binance client.
2026-03-13 11:18:41,504 - INFO - 127.0.0.1 - - [13/Mar/2026 11:18:41] "GET /socket.io/?EIO=4&transport=websocket&sid=Ro_Y3y6cbESFpZ4XAAAA HTTP/1.1" 200 -
2026-03-13 11:18:41,887 - ERROR - CRITICAL: Restricted location detected. Cannot create Binance client.
2026-03-13 11:18:41,965 - ERROR - CRITICAL: Restricted location detected. Cannot create Binance client.
2026-03-13 11:18:42,044 - ERROR - CRITICAL: Restricted location detected. Cannot create Binance client.
2026-03-13 11:18:44,125 - ERROR - CRITICAL: Restricted location detected. Cannot create Binance client.
2026-03-13 11:18:44,205 - ERROR - CRITICAL: Restricted location detected. Cannot create Binance client.
2026-03-13 11:18:44,286 - ERROR - CRITICAL: Restricted location detected. Cannot create Binance client.
2026-03-13 11:18:46,369 - ERROR - CRITICAL: Restricted location detected. Cannot create Binance client.
2026-03-13 11:18:46,447 - ERROR - CRITICAL: Restricted location detected. Cannot create Binance client.
2026-03-13 11:18:46,526 - ERROR - CRITICAL: Restricted location detected. Cannot create Binance client.
2026-03-13 11:18:48,608 - ERROR - CRITICAL: Restricted location detected. Cannot create Binance client.
2026-03-13 11:18:48,689 - ERROR - CRITICAL: Restricted location detected. Cannot create Binance client.
2026-03-13 11:18:48,769 - ERROR - CRITICAL: Restricted location detected. Cannot create Binance client.
2026-03-13 11:18:50,850 - ERROR - CRITICAL: Restricted location detected. Cannot create Binance client.
2026-03-13 11:18:50,930 - ERROR - CRITICAL: Restricted location detected. Cannot create Binance client.
2026-03-13 11:18:51,010 - ERROR - CRITICAL: Restricted location detected. Cannot create Binance client.
2026-03-13 11:18:53,093 - ERROR - CRITICAL: Restricted location detected. Cannot create Binance client.
2026-03-13 11:18:53,175 - ERROR - CRITICAL: Restricted location detected. Cannot create Binance client.
2026-03-13 11:18:53,258 - ERROR - CRITICAL: Restricted location detected. Cannot create Binance client.
2026-03-13 11:18:55,341 - ERROR - CRITICAL: Restricted location detected. Cannot create Binance client.
2026-03-13 11:18:55,420 - ERROR - CRITICAL: Restricted location detected. Cannot create Binance client.
2026-03-13 11:18:55,501 - ERROR - CRITICAL: Restricted location detected. Cannot create Binance client.
2026-03-13 11:18:57,581 - ERROR - CRITICAL: Restricted location detected. Cannot create Binance client.
2026-03-13 11:18:57,659 - ERROR - CRITICAL: Restricted location detected. Cannot create Binance client.
2026-03-13 11:18:57,737 - ERROR - CRITICAL: Restricted location detected. Cannot create Binance client.
2026-03-13 11:18:59,818 - ERROR - CRITICAL: Restricted location detected. Cannot create Binance client.
2026-03-13 11:18:59,899 - ERROR - CRITICAL: Restricted location detected. Cannot create Binance client.
2026-03-13 11:18:59,980 - ERROR - CRITICAL: Restricted location detected. Cannot create Binance client.
2026-03-13 11:19:02,061 - ERROR - CRITICAL: Restricted location detected. Cannot create Binance client.
2026-03-13 11:19:02,139 - ERROR - CRITICAL: Restricted location detected. Cannot create Binance client.
2026-03-13 11:19:02,221 - ERROR - CRITICAL: Restricted location detected. Cannot create Binance client.
2026-03-13 11:19:04,301 - ERROR - CRITICAL: Restricted location detected. Cannot create Binance client.
2026-03-13 11:19:04,382 - ERROR - CRITICAL: Restricted location detected. Cannot create Binance client.
2026-03-13 11:19:04,461 - ERROR - CRITICAL: Restricted location detected. Cannot create Binance client.
2026-03-13 11:19:06,542 - ERROR - CRITICAL: Restricted location detected. Cannot create Binance client.
2026-03-13 11:19:06,622 - ERROR - CRITICAL: Restricted location detected. Cannot create Binance client.
2026-03-13 11:19:06,702 - ERROR - CRITICAL: Restricted location detected. Cannot create Binance client.
2026-03-13 11:19:08,782 - ERROR - CRITICAL: Restricted location detected. Cannot create Binance client.
2026-03-13 11:19:08,860 - ERROR - CRITICAL: Restricted location detected. Cannot create Binance client.
2026-03-13 11:19:08,941 - ERROR - CRITICAL: Restricted location detected. Cannot create Binance client.
2026-03-13 11:19:11,021 - ERROR - CRITICAL: Restricted location detected. Cannot create Binance client.
2026-03-13 11:19:11,102 - ERROR - CRITICAL: Restricted location detected. Cannot create Binance client.
2026-03-13 11:19:11,182 - ERROR - CRITICAL: Restricted location detected. Cannot create Binance client.
2026-03-13 11:19:13,263 - ERROR - CRITICAL: Restricted location detected. Cannot create Binance client.
2026-03-13 11:19:13,342 - ERROR - CRITICAL: Restricted location detected. Cannot create Binance client.
2026-03-13 11:19:13,421 - ERROR - CRITICAL: Restricted location detected. Cannot create Binance client.
2026-03-13 11:19:15,502 - ERROR - CRITICAL: Restricted location detected. Cannot create Binance client.
2026-03-13 11:19:15,583 - ERROR - CRITICAL: Restricted location detected. Cannot create Binance client.
2026-03-13 11:19:15,660 - ERROR - CRITICAL: Restricted location detected. Cannot create Binance client.
2026-03-13 11:19:17,741 - ERROR - CRITICAL: Restricted location detected. Cannot create Binance client.
2026-03-13 11:19:17,825 - ERROR - CRITICAL: Restricted location detected. Cannot create Binance client.
2026-03-13 11:19:17,904 - ERROR - CRITICAL: Restricted location detected. Cannot create Binance client.
2026-03-13 11:19:20,007 - ERROR - CRITICAL: Restricted location detected. Cannot create Binance client.
2026-03-13 11:19:20,093 - ERROR - CRITICAL: Restricted location detected. Cannot create Binance client.
2026-03-13 11:19:20,184 - ERROR - CRITICAL: Restricted location detected. Cannot create Binance client.
2026-03-13 11:19:22,285 - ERROR - CRITICAL: Restricted location detected. Cannot create Binance client.
2026-03-13 11:19:22,383 - ERROR - CRITICAL: Restricted location detected. Cannot create Binance client.
2026-03-13 11:19:22,483 - ERROR - CRITICAL: Restricted location detected. Cannot create Binance client.
2026-03-13 11:19:24,569 - ERROR - CRITICAL: Restricted location detected. Cannot create Binance client.
2026-03-13 11:19:24,667 - ERROR - CRITICAL: Restricted location detected. Cannot create Binance client.
2026-03-13 11:19:24,766 - ERROR - CRITICAL: Restricted location detected. Cannot create Binance client.
2026-03-13 11:19:26,847 - ERROR - CRITICAL: Restricted location detected. Cannot create Binance client.
2026-03-13 11:19:26,931 - ERROR - CRITICAL: Restricted location detected. Cannot create Binance client.
2026-03-13 11:19:27,012 - ERROR - CRITICAL: Restricted location detected. Cannot create Binance client.
2026-03-13 11:19:29,092 - ERROR - CRITICAL: Restricted location detected. Cannot create Binance client.
2026-03-13 11:19:29,170 - ERROR - CRITICAL: Restricted location detected. Cannot create Binance client.
2026-03-13 11:19:29,250 - ERROR - CRITICAL: Restricted location detected. Cannot create Binance client.
2026-03-13 11:19:31,329 - ERROR - CRITICAL: Restricted location detected. Cannot create Binance client.
2026-03-13 11:19:31,408 - ERROR - CRITICAL: Restricted location detected. Cannot create Binance client.
2026-03-13 11:19:31,486 - ERROR - CRITICAL: Restricted location detected. Cannot create Binance client.
2026-03-13 11:19:33,564 - ERROR - CRITICAL: Restricted location detected. Cannot create Binance client.
2026-03-13 11:19:33,644 - ERROR - CRITICAL: Restricted location detected. Cannot create Binance client.
2026-03-13 11:19:33,724 - ERROR - CRITICAL: Restricted location detected. Cannot create Binance client.
2026-03-13 11:19:35,805 - ERROR - CRITICAL: Restricted location detected. Cannot create Binance client.
2026-03-13 11:19:35,883 - ERROR - CRITICAL: Restricted location detected. Cannot create Binance client.
2026-03-13 11:19:35,962 - ERROR - CRITICAL: Restricted location detected. Cannot create Binance client.
2026-03-13 11:19:38,041 - ERROR - CRITICAL: Restricted location detected. Cannot create Binance client.
2026-03-13 11:19:38,120 - ERROR - CRITICAL: Restricted location detected. Cannot create Binance client.
2026-03-13 11:19:38,200 - ERROR - CRITICAL: Restricted location detected. Cannot create Binance client.
2026-03-13 11:19:40,281 - ERROR - CRITICAL: Restricted location detected. Cannot create Binance client.
2026-03-13 11:19:40,360 - ERROR - CRITICAL: Restricted location detected. Cannot create Binance client.
2026-03-13 11:19:40,439 - ERROR - CRITICAL: Restricted location detected. Cannot create Binance client.
2026-03-13 11:19:42,518 - ERROR - CRITICAL: Restricted location detected. Cannot create Binance client.
2026-03-13 11:19:42,596 - ERROR - CRITICAL: Restricted location detected. Cannot create Binance client.
2026-03-13 11:19:42,677 - ERROR - CRITICAL: Restricted location detected. Cannot create Binance client.
2026-03-13 11:19:44,762 - ERROR - CRITICAL: Restricted location detected. Cannot create Binance client.
2026-03-13 11:19:44,843 - ERROR - CRITICAL: Restricted location detected. Cannot create Binance client.
2026-03-13 11:19:44,927 - ERROR - CRITICAL: Restricted location detected. Cannot create Binance client.
2026-03-13 11:19:47,007 - ERROR - CRITICAL: Restricted location detected. Cannot create Binance client.
2026-03-13 11:19:47,086 - ERROR - CRITICAL: Restricted location detected. Cannot create Binance client.
2026-03-13 11:19:47,170 - ERROR - CRITICAL: Restricted location detected. Cannot create Binance client.
2026-03-13 11:19:49,252 - ERROR - CRITICAL: Restricted location detected. Cannot create Binance client.
2026-03-13 11:19:49,331 - ERROR - CRITICAL: Restricted location detected. Cannot create Binance client.
2026-03-13 11:19:49,411 - ERROR - CRITICAL: Restricted location detected. Cannot create Binance client.
2026-03-13 11:19:51,493 - ERROR - CRITICAL: Restricted location detected. Cannot create Binance client.
2026-03-13 11:19:51,579 - ERROR - CRITICAL: Restricted location detected. Cannot create Binance client.
2026-03-13 11:19:51,659 - ERROR - CRITICAL: Restricted location detected. Cannot create Binance client.
2026-03-13 11:19:53,742 - ERROR - CRITICAL: Restricted location detected. Cannot create Binance client.
2026-03-13 11:19:53,823 - ERROR - CRITICAL: Restricted location detected. Cannot create Binance client.
2026-03-13 11:19:53,904 - ERROR - CRITICAL: Restricted location detected. Cannot create Binance client.
2026-03-13 11:19:55,985 - ERROR - CRITICAL: Restricted location detected. Cannot create Binance client.
2026-03-13 11:19:56,066 - ERROR - CRITICAL: Restricted location detected. Cannot create Binance client.
2026-03-13 11:19:56,144 - ERROR - CRITICAL: Restricted location detected. Cannot create Binance client.
2026-03-13 11:19:58,225 - ERROR - CRITICAL: Restricted location detected. Cannot create Binance client.
2026-03-13 11:19:58,306 - ERROR - CRITICAL: Restricted location detected. Cannot create Binance client.
2026-03-13 11:19:58,385 - ERROR - CRITICAL: Restricted location detected. Cannot create Binance client.
2026-03-13 11:20:00,468 - ERROR - CRITICAL: Restricted location detected. Cannot create Binance client.
2026-03-13 11:20:00,549 - ERROR - CRITICAL: Restricted location detected. Cannot create Binance client.
2026-03-13 11:20:00,628 - ERROR - CRITICAL: Restricted location detected. Cannot create Binance client.
2026-03-13 11:20:02,711 - ERROR - CRITICAL: Restricted location detected. Cannot create Binance client.
2026-03-13 11:20:02,794 - ERROR - CRITICAL: Restricted location detected. Cannot create Binance client.
2026-03-13 11:20:02,873 - ERROR - CRITICAL: Restricted location detected. Cannot create Binance client.
2026-03-13 11:20:04,954 - ERROR - CRITICAL: Restricted location detected. Cannot create Binance client.
2026-03-13 11:20:05,033 - ERROR - CRITICAL: Restricted location detected. Cannot create Binance client.
2026-03-13 11:20:05,113 - ERROR - CRITICAL: Restricted location detected. Cannot create Binance client.
2026-03-13 11:20:07,195 - ERROR - CRITICAL: Restricted location detected. Cannot create Binance client.
2026-03-13 11:20:07,275 - ERROR - CRITICAL: Restricted location detected. Cannot create Binance client.
2026-03-13 11:20:07,354 - ERROR - CRITICAL: Restricted location detected. Cannot create Binance client.
2026-03-13 11:20:09,434 - ERROR - CRITICAL: Restricted location detected. Cannot create Binance client.
2026-03-13 11:20:09,512 - ERROR - CRITICAL: Restricted location detected. Cannot create Binance client.
2026-03-13 11:20:09,595 - ERROR - CRITICAL: Restricted location detected. Cannot create Binance client.
2026-03-13 11:20:11,676 - ERROR - CRITICAL: Restricted location detected. Cannot create Binance client.
2026-03-13 11:20:11,757 - ERROR - CRITICAL: Restricted location detected. Cannot create Binance client.
2026-03-13 11:20:11,840 - ERROR - CRITICAL: Restricted location detected. Cannot create Binance client.
2026-03-13 11:20:13,923 - ERROR - CRITICAL: Restricted location detected. Cannot create Binance client.
2026-03-13 11:20:14,008 - ERROR - CRITICAL: Restricted location detected. Cannot create Binance client.
2026-03-13 11:20:14,092 - ERROR - CRITICAL: Restricted location detected. Cannot create Binance client.
2026-03-13 11:20:16,176 - ERROR - CRITICAL: Restricted location detected. Cannot create Binance client.
2026-03-13 11:20:16,257 - ERROR - CRITICAL: Restricted location detected. Cannot create Binance client.
2026-03-13 11:20:16,338 - ERROR - CRITICAL: Restricted location detected. Cannot create Binance client.
2026-03-13 11:20:18,417 - ERROR - CRITICAL: Restricted location detected. Cannot create Binance client.
2026-03-13 11:20:18,498 - ERROR - CRITICAL: Restricted location detected. Cannot create Binance client.
2026-03-13 11:20:18,580 - ERROR - CRITICAL: Restricted location detected. Cannot create Binance client.
2026-03-13 11:20:20,680 - ERROR - CRITICAL: Restricted location detected. Cannot create Binance client.
2026-03-13 11:20:20,759 - ERROR - CRITICAL: Restricted location detected. Cannot create Binance client.
2026-03-13 11:20:20,838 - ERROR - CRITICAL: Restricted location detected. Cannot create Binance client.
2026-03-13 11:20:22,920 - ERROR - CRITICAL: Restricted location detected. Cannot create Binance client.
2026-03-13 11:20:23,000 - ERROR - CRITICAL: Restricted location detected. Cannot create Binance client.
2026-03-13 11:20:23,080 - ERROR - CRITICAL: Restricted location detected. Cannot create Binance client.
2026-03-13 11:20:25,166 - ERROR - CRITICAL: Restricted location detected. Cannot create Binance client.
2026-03-13 11:20:25,257 - ERROR - CRITICAL: Restricted location detected. Cannot create Binance client.
2026-03-13 11:20:25,340 - ERROR - CRITICAL: Restricted location detected. Cannot create Binance client.
2026-03-13 11:20:27,422 - ERROR - CRITICAL: Restricted location detected. Cannot create Binance client.
2026-03-13 11:20:27,501 - ERROR - CRITICAL: Restricted location detected. Cannot create Binance client.
2026-03-13 11:20:27,582 - ERROR - CRITICAL: Restricted location detected. Cannot create Binance client.
2026-03-13 11:20:29,664 - ERROR - CRITICAL: Restricted location detected. Cannot create Binance client.
2026-03-13 11:20:29,744 - ERROR - CRITICAL: Restricted location detected. Cannot create Binance client.
2026-03-13 11:20:29,825 - ERROR - CRITICAL: Restricted location detected. Cannot create Binance client.
2026-03-13 11:20:31,907 - ERROR - CRITICAL: Restricted location detected. Cannot create Binance client.
2026-03-13 11:20:31,988 - ERROR - CRITICAL: Restricted location detected. Cannot create Binance client.
2026-03-13 11:20:32,068 - ERROR - CRITICAL: Restricted location detected. Cannot create Binance client.
2026-03-13 11:20:34,150 - ERROR - CRITICAL: Restricted location detected. Cannot create Binance client.
2026-03-13 11:20:34,231 - ERROR - CRITICAL: Restricted location detected. Cannot create Binance client.
2026-03-13 11:20:34,335 - ERROR - CRITICAL: Restricted location detected. Cannot create Binance client.
2026-03-13 11:20:36,504 - ERROR - CRITICAL: Restricted location detected. Cannot create Binance client.
2026-03-13 11:20:36,621 - ERROR - CRITICAL: Restricted location detected. Cannot create Binance client.
2026-03-13 11:20:36,708 - ERROR - CRITICAL: Restricted location detected. Cannot create Binance client.
2026-03-13 11:20:38,790 - ERROR - CRITICAL: Restricted location detected. Cannot create Binance client.
2026-03-13 11:20:38,871 - ERROR - CRITICAL: Restricted location detected. Cannot create Binance client.
2026-03-13 11:20:38,953 - ERROR - CRITICAL: Restricted location detected. Cannot create Binance client.
2026-03-13 11:20:41,064 - ERROR - CRITICAL: Restricted location detected. Cannot create Binance client.
2026-03-13 11:20:41,183 - ERROR - CRITICAL: Restricted location detected. Cannot create Binance client.
2026-03-13 11:20:41,294 - ERROR - CRITICAL: Restricted location detected. Cannot create Binance client.
2026-03-13 11:20:43,463 - ERROR - CRITICAL: Restricted location detected. Cannot create Binance client.
2026-03-13 11:20:43,568 - ERROR - CRITICAL: Restricted location detected. Cannot create Binance client.
2026-03-13 11:20:43,680 - ERROR - CRITICAL: Restricted location detected. Cannot create Binance client.
2026-03-13 11:20:45,760 - ERROR - CRITICAL: Restricted location detected. Cannot create Binance client.
2026-03-13 11:20:45,844 - ERROR - CRITICAL: Restricted location detected. Cannot create Binance client.
2026-03-13 11:20:45,925 - ERROR - CRITICAL: Restricted location detected. Cannot create Binance client.
2026-03-13 11:20:48,007 - ERROR - CRITICAL: Restricted location detected. Cannot create Binance client.
2026-03-13 11:20:48,089 - ERROR - CRITICAL: Restricted location detected. Cannot create Binance client.
2026-03-13 11:20:48,169 - ERROR - CRITICAL: Restricted location detected. Cannot create Binance client.
2026-03-13 11:20:50,251 - ERROR - CRITICAL: Restricted location detected. Cannot create Binance client.
2026-03-13 11:20:50,335 - ERROR - CRITICAL: Restricted location detected. Cannot create Binance client.
2026-03-13 11:20:50,415 - ERROR - CRITICAL: Restricted location detected. Cannot create Binance client.
2026-03-13 11:20:52,498 - ERROR - CRITICAL: Restricted location detected. Cannot create Binance client.
2026-03-13 11:20:52,582 - ERROR - CRITICAL: Restricted location detected. Cannot create Binance client.
2026-03-13 11:20:52,664 - ERROR - CRITICAL: Restricted location detected. Cannot create Binance client.
2026-03-13 11:20:54,747 - ERROR - CRITICAL: Restricted location detected. Cannot create Binance client.
2026-03-13 11:20:54,826 - ERROR - CRITICAL: Restricted location detected. Cannot create Binance client.
2026-03-13 11:20:54,905 - ERROR - CRITICAL: Restricted location detected. Cannot create Binance client.
2026-03-13 11:20:56,998 - ERROR - CRITICAL: Restricted location detected. Cannot create Binance client.
2026-03-13 11:20:57,079 - ERROR - CRITICAL: Restricted location detected. Cannot create Binance client.
2026-03-13 11:20:57,159 - ERROR - CRITICAL: Restricted location detected. Cannot create Binance client.
2026-03-13 11:20:59,239 - ERROR - CRITICAL: Restricted location detected. Cannot create Binance client.
2026-03-13 11:20:59,320 - ERROR - CRITICAL: Restricted location detected. Cannot create Binance client.
2026-03-13 11:20:59,399 - ERROR - CRITICAL: Restricted location detected. Cannot create Binance client.
2026-03-13 11:21:01,484 - ERROR - CRITICAL: Restricted location detected. Cannot create Binance client.
2026-03-13 11:21:01,579 - ERROR - CRITICAL: Restricted location detected. Cannot create Binance client.
2026-03-13 11:21:01,668 - ERROR - CRITICAL: Restricted location detected. Cannot create Binance client.
2026-03-13 11:21:03,751 - ERROR - CRITICAL: Restricted location detected. Cannot create Binance client.
2026-03-13 11:21:03,832 - ERROR - CRITICAL: Restricted location detected. Cannot create Binance client.
2026-03-13 11:21:03,911 - ERROR - CRITICAL: Restricted location detected. Cannot create Binance client.
2026-03-13 11:21:05,993 - ERROR - CRITICAL: Restricted location detected. Cannot create Binance client.
2026-03-13 11:21:06,074 - ERROR - CRITICAL: Restricted location detected. Cannot create Binance client.
2026-03-13 11:21:06,154 - ERROR - CRITICAL: Restricted location detected. Cannot create Binance client.
2026-03-13 11:21:08,239 - ERROR - CRITICAL: Restricted location detected. Cannot create Binance client.
2026-03-13 11:21:08,319 - ERROR - CRITICAL: Restricted location detected. Cannot create Binance client.
2026-03-13 11:21:08,401 - ERROR - CRITICAL: Restricted location detected. Cannot create Binance client.
2026-03-13 11:21:10,483 - ERROR - CRITICAL: Restricted location detected. Cannot create Binance client.
2026-03-13 11:21:10,562 - ERROR - CRITICAL: Restricted location detected. Cannot create Binance client.
2026-03-13 11:21:10,640 - ERROR - CRITICAL: Restricted location detected. Cannot create Binance client.
2026-03-13 11:21:12,719 - ERROR - CRITICAL: Restricted location detected. Cannot create Binance client.
2026-03-13 11:21:12,801 - ERROR - CRITICAL: Restricted location detected. Cannot create Binance client.
2026-03-13 11:21:12,881 - ERROR - CRITICAL: Restricted location detected. Cannot create Binance client.
2026-03-13 11:21:14,962 - ERROR - CRITICAL: Restricted location detected. Cannot create Binance client.
2026-03-13 11:21:15,039 - ERROR - CRITICAL: Restricted location detected. Cannot create Binance client.
2026-03-13 11:21:15,117 - ERROR - CRITICAL: Restricted location detected. Cannot create Binance client.
2026-03-13 11:21:17,200 - ERROR - CRITICAL: Restricted location detected. Cannot create Binance client.
2026-03-13 11:21:17,279 - ERROR - CRITICAL: Restricted location detected. Cannot create Binance client.
2026-03-13 11:21:17,357 - ERROR - CRITICAL: Restricted location detected. Cannot create Binance client.
2026-03-13 11:21:19,436 - ERROR - CRITICAL: Restricted location detected. Cannot create Binance client.
2026-03-13 11:21:19,514 - ERROR - CRITICAL: Restricted location detected. Cannot create Binance client.
2026-03-13 11:21:19,592 - ERROR - CRITICAL: Restricted location detected. Cannot create Binance client.
2026-03-13 11:21:21,730 - ERROR - CRITICAL: Restricted location detected. Cannot create Binance client.
2026-03-13 11:21:21,809 - ERROR - CRITICAL: Restricted location detected. Cannot create Binance client.
2026-03-13 11:21:21,887 - ERROR - CRITICAL: Restricted location detected. Cannot create Binance client.
2026-03-13 11:21:23,968 - ERROR - CRITICAL: Restricted location detected. Cannot create Binance client.
2026-03-13 11:21:24,047 - ERROR - CRITICAL: Restricted location detected. Cannot create Binance client.
2026-03-13 11:21:24,125 - ERROR - CRITICAL: Restricted location detected. Cannot create Binance client.
2026-03-13 11:21:26,207 - ERROR - CRITICAL: Restricted location detected. Cannot create Binance client.
2026-03-13 11:21:26,289 - ERROR - CRITICAL: Restricted location detected. Cannot create Binance client.
2026-03-13 11:21:26,370 - ERROR - CRITICAL: Restricted location detected. Cannot create Binance client.
2026-03-13 11:21:28,449 - ERROR - CRITICAL: Restricted location detected. Cannot create Binance client.
2026-03-13 11:21:28,530 - ERROR - CRITICAL: Restricted location detected. Cannot create Binance client.
2026-03-13 11:21:28,608 - ERROR - CRITICAL: Restricted location detected. Cannot create Binance client.
2026-03-13 11:21:30,688 - ERROR - CRITICAL: Restricted location detected. Cannot create Binance client.
2026-03-13 11:21:30,765 - ERROR - CRITICAL: Restricted location detected. Cannot create Binance client.
2026-03-13 11:21:30,845 - ERROR - CRITICAL: Restricted location detected. Cannot create Binance client.
2026-03-13 11:21:32,926 - ERROR - CRITICAL: Restricted location detected. Cannot create Binance client.
2026-03-13 11:21:33,006 - ERROR - CRITICAL: Restricted location detected. Cannot create Binance client.
2026-03-13 11:21:33,086 - ERROR - CRITICAL: Restricted location detected. Cannot create Binance client.
2026-03-13 11:21:35,170 - ERROR - CRITICAL: Restricted location detected. Cannot create Binance client.
2026-03-13 11:21:35,257 - ERROR - CRITICAL: Restricted location detected. Cannot create Binance client.
2026-03-13 11:21:35,339 - ERROR - CRITICAL: Restricted location detected. Cannot create Binance client.
2026-03-13 11:21:37,423 - ERROR - CRITICAL: Restricted location detected. Cannot create Binance client.
2026-03-13 11:21:37,503 - ERROR - CRITICAL: Restricted location detected. Cannot create Binance client.
2026-03-13 11:21:37,586 - ERROR - CRITICAL: Restricted location detected. Cannot create Binance client.
2026-03-13 11:21:39,667 - ERROR - CRITICAL: Restricted location detected. Cannot create Binance client.
2026-03-13 11:21:39,746 - ERROR - CRITICAL: Restricted location detected. Cannot create Binance client.
2026-03-13 11:21:39,827 - ERROR - CRITICAL: Restricted location detected. Cannot create Binance client.
2026-03-13 11:21:41,907 - ERROR - CRITICAL: Restricted location detected. Cannot create Binance client.
2026-03-13 11:21:41,988 - ERROR - CRITICAL: Restricted location detected. Cannot create Binance client.
2026-03-13 11:21:42,067 - ERROR - CRITICAL: Restricted location detected. Cannot create Binance client.
2026-03-13 11:21:44,146 - ERROR - CRITICAL: Restricted location detected. Cannot create Binance client.
2026-03-13 11:21:44,223 - ERROR - CRITICAL: Restricted location detected. Cannot create Binance client.
2026-03-13 11:21:44,305 - ERROR - CRITICAL: Restricted location detected. Cannot create Binance client.
2026-03-13 11:21:46,384 - ERROR - CRITICAL: Restricted location detected. Cannot create Binance client.
2026-03-13 11:21:46,463 - ERROR - CRITICAL: Restricted location detected. Cannot create Binance client.
2026-03-13 11:21:46,541 - ERROR - CRITICAL: Restricted location detected. Cannot create Binance client.
2026-03-13 11:21:48,626 - ERROR - CRITICAL: Restricted location detected. Cannot create Binance client.
2026-03-13 11:21:48,707 - ERROR - CRITICAL: Restricted location detected. Cannot create Binance client.
2026-03-13 11:21:48,788 - ERROR - CRITICAL: Restricted location detected. Cannot create Binance client.
2026-03-13 11:21:50,870 - ERROR - CRITICAL: Restricted location detected. Cannot create Binance client.
2026-03-13 11:21:50,951 - ERROR - CRITICAL: Restricted location detected. Cannot create Binance client.
2026-03-13 11:21:51,030 - ERROR - CRITICAL: Restricted location detected. Cannot create Binance client.
2026-03-13 11:21:53,111 - ERROR - CRITICAL: Restricted location detected. Cannot create Binance client.
2026-03-13 11:21:53,190 - ERROR - CRITICAL: Restricted location detected. Cannot create Binance client.
2026-03-13 11:21:53,273 - ERROR - CRITICAL: Restricted location detected. Cannot create Binance client.
2026-03-13 11:21:55,351 - ERROR - CRITICAL: Restricted location detected. Cannot create Binance client.
2026-03-13 11:21:55,432 - ERROR - CRITICAL: Restricted location detected. Cannot create Binance client.
2026-03-13 11:21:55,511 - ERROR - CRITICAL: Restricted location detected. Cannot create Binance client.
2026-03-13 11:21:57,591 - ERROR - CRITICAL: Restricted location detected. Cannot create Binance client.
2026-03-13 11:21:57,669 - ERROR - CRITICAL: Restricted location detected. Cannot create Binance client.
2026-03-13 11:21:57,751 - ERROR - CRITICAL: Restricted location detected. Cannot create Binance client.
2026-03-13 11:21:59,830 - ERROR - CRITICAL: Restricted location detected. Cannot create Binance client.
2026-03-13 11:21:59,910 - ERROR - CRITICAL: Restricted location detected. Cannot create Binance client.
2026-03-13 11:21:59,990 - ERROR - CRITICAL: Restricted location detected. Cannot create Binance client.
2026-03-13 11:22:02,072 - ERROR - CRITICAL: Restricted location detected. Cannot create Binance client.
2026-03-13 11:22:02,152 - ERROR - CRITICAL: Restricted location detected. Cannot create Binance client.
2026-03-13 11:22:02,235 - ERROR - CRITICAL: Restricted location detected. Cannot create Binance client.
2026-03-13 11:22:04,315 - ERROR - CRITICAL: Restricted location detected. Cannot create Binance client.
2026-03-13 11:22:04,395 - ERROR - CRITICAL: Restricted location detected. Cannot create Binance client.
2026-03-13 11:22:04,473 - ERROR - CRITICAL: Restricted location detected. Cannot create Binance client.
2026-03-13 11:22:06,552 - ERROR - CRITICAL: Restricted location detected. Cannot create Binance client.
2026-03-13 11:22:06,631 - ERROR - CRITICAL: Restricted location detected. Cannot create Binance client.
2026-03-13 11:22:06,710 - ERROR - CRITICAL: Restricted location detected. Cannot create Binance client.
2026-03-13 11:22:08,793 - ERROR - CRITICAL: Restricted location detected. Cannot create Binance client.
2026-03-13 11:22:08,872 - ERROR - CRITICAL: Restricted location detected. Cannot create Binance client.
2026-03-13 11:22:08,951 - ERROR - CRITICAL: Restricted location detected. Cannot create Binance client.
2026-03-13 11:22:11,030 - ERROR - CRITICAL: Restricted location detected. Cannot create Binance client.
2026-03-13 11:22:11,109 - ERROR - CRITICAL: Restricted location detected. Cannot create Binance client.
2026-03-13 11:22:11,192 - ERROR - CRITICAL: Restricted location detected. Cannot create Binance client.
2026-03-13 11:22:13,271 - ERROR - CRITICAL: Restricted location detected. Cannot create Binance client.
2026-03-13 11:22:13,348 - ERROR - CRITICAL: Restricted location detected. Cannot create Binance client.
2026-03-13 11:22:13,426 - ERROR - CRITICAL: Restricted location detected. Cannot create Binance client.
2026-03-13 11:22:15,507 - ERROR - CRITICAL: Restricted location detected. Cannot create Binance client.
2026-03-13 11:22:15,590 - ERROR - CRITICAL: Restricted location detected. Cannot create Binance client.
2026-03-13 11:22:15,670 - ERROR - CRITICAL: Restricted location detected. Cannot create Binance client.
2026-03-13 11:22:17,752 - ERROR - CRITICAL: Restricted location detected. Cannot create Binance client.
2026-03-13 11:22:17,834 - ERROR - CRITICAL: Restricted location detected. Cannot create Binance client.
2026-03-13 11:22:17,913 - ERROR - CRITICAL: Restricted location detected. Cannot create Binance client.
2026-03-13 11:22:17,915 - WARNING - Warning: Symbol BTCUSDC not found on Binance. Please check if it is a valid USDC pair.
2026-03-13 11:22:17,915 - WARNING - Warning: Symbol LINKUSDC not found on Binance. Please check if it is a valid USDC pair.
2026-03-13 11:22:17,915 - WARNING - Warning: Symbol DOGEUSDC not found on Binance. Please check if it is a valid USDC pair.
2026-03-13 11:22:17,916 - WARNING - Warning: Symbol SOLUSDC not found on Binance. Please check if it is a valid USDC pair.
2026-03-13 11:22:19,995 - ERROR - CRITICAL: Restricted location detected. Cannot create Binance client.
2026-03-13 11:22:20,073 - ERROR - CRITICAL: Restricted location detected. Cannot create Binance client.
2026-03-13 11:22:20,156 - ERROR - CRITICAL: Restricted location detected. Cannot create Binance client.
2026-03-13 11:22:22,255 - ERROR - CRITICAL: Restricted location detected. Cannot create Binance client.
2026-03-13 11:22:22,334 - ERROR - CRITICAL: Restricted location detected. Cannot create Binance client.
2026-03-13 11:22:22,414 - ERROR - CRITICAL: Restricted location detected. Cannot create Binance client.
2026-03-13 11:22:24,494 - ERROR - CRITICAL: Restricted location detected. Cannot create Binance client.
2026-03-13 11:22:24,574 - ERROR - CRITICAL: Restricted location detected. Cannot create Binance client.
2026-03-13 11:22:24,653 - ERROR - CRITICAL: Restricted location detected. Cannot create Binance client.
2026-03-13 11:22:26,732 - ERROR - CRITICAL: Restricted location detected. Cannot create Binance client.
2026-03-13 11:22:26,814 - ERROR - CRITICAL: Restricted location detected. Cannot create Binance client.
2026-03-13 11:22:26,893 - ERROR - CRITICAL: Restricted location detected. Cannot create Binance client.
2026-03-13 11:22:28,974 - ERROR - CRITICAL: Restricted location detected. Cannot create Binance client.
2026-03-13 11:22:29,055 - ERROR - CRITICAL: Restricted location detected. Cannot create Binance client.
2026-03-13 11:22:29,135 - ERROR - CRITICAL: Restricted location detected. Cannot create Binance client.
2026-03-13 11:22:31,219 - ERROR - CRITICAL: Restricted location detected. Cannot create Binance client.
2026-03-13 11:22:31,299 - ERROR - CRITICAL: Restricted location detected. Cannot create Binance client.
2026-03-13 11:22:31,380 - ERROR - CRITICAL: Restricted location detected. Cannot create Binance client.
2026-03-13 11:22:33,459 - ERROR - CRITICAL: Restricted location detected. Cannot create Binance client.
2026-03-13 11:22:33,540 - ERROR - CRITICAL: Restricted location detected. Cannot create Binance client.
2026-03-13 11:22:33,620 - ERROR - CRITICAL: Restricted location detected. Cannot create Binance client.
2026-03-13 11:22:35,699 - ERROR - CRITICAL: Restricted location detected. Cannot create Binance client.
2026-03-13 11:22:35,777 - ERROR - CRITICAL: Restricted location detected. Cannot create Binance client.
2026-03-13 11:22:35,857 - ERROR - CRITICAL: Restricted location detected. Cannot create Binance client.
2026-03-13 11:22:37,936 - ERROR - CRITICAL: Restricted location detected. Cannot create Binance client.
2026-03-13 11:22:38,014 - ERROR - CRITICAL: Restricted location detected. Cannot create Binance client.
2026-03-13 11:22:38,095 - ERROR - CRITICAL: Restricted location detected. Cannot create Binance client.
2026-03-13 11:22:40,175 - ERROR - CRITICAL: Restricted location detected. Cannot create Binance client.
2026-03-13 11:22:40,253 - ERROR - CRITICAL: Restricted location detected. Cannot create Binance client.
2026-03-13 11:22:40,332 - ERROR - CRITICAL: Restricted location detected. Cannot create Binance client.
2026-03-13 11:22:42,412 - ERROR - CRITICAL: Restricted location detected. Cannot create Binance client.
2026-03-13 11:22:42,491 - ERROR - CRITICAL: Restricted location detected. Cannot create Binance client.
2026-03-13 11:22:42,569 - ERROR - CRITICAL: Restricted location detected. Cannot create Binance client.
2026-03-13 11:22:44,680 - ERROR - CRITICAL: Restricted location detected. Cannot create Binance client.
2026-03-13 11:22:44,788 - ERROR - CRITICAL: Restricted location detected. Cannot create Binance client.
2026-03-13 11:22:44,910 - ERROR - CRITICAL: Restricted location detected. Cannot create Binance client.
2026-03-13 11:22:47,016 - ERROR - CRITICAL: Restricted location detected. Cannot create Binance client.
2026-03-13 11:22:47,117 - ERROR - CRITICAL: Restricted location detected. Cannot create Binance client.
2026-03-13 11:22:47,220 - ERROR - CRITICAL: Restricted location detected. Cannot create Binance client.
2026-03-13 11:22:49,337 - ERROR - CRITICAL: Restricted location detected. Cannot create Binance client.
2026-03-13 11:22:49,453 - ERROR - CRITICAL: Restricted location detected. Cannot create Binance client.
2026-03-13 11:22:49,567 - ERROR - CRITICAL: Restricted location detected. Cannot create Binance client.
2026-03-13 11:22:51,655 - ERROR - CRITICAL: Restricted location detected. Cannot create Binance client.
2026-03-13 11:22:51,733 - ERROR - CRITICAL: Restricted location detected. Cannot create Binance client.
2026-03-13 11:22:51,815 - ERROR - CRITICAL: Restricted location detected. Cannot create Binance client.
2026-03-13 11:22:53,898 - ERROR - CRITICAL: Restricted location detected. Cannot create Binance client.
2026-03-13 11:22:53,981 - ERROR - CRITICAL: Restricted location detected. Cannot create Binance client.
2026-03-13 11:22:54,062 - ERROR - CRITICAL: Restricted location detected. Cannot create Binance client.
2026-03-13 11:22:56,143 - ERROR - CRITICAL: Restricted location detected. Cannot create Binance client.
2026-03-13 11:22:56,222 - ERROR - CRITICAL: Restricted location detected. Cannot create Binance client.
2026-03-13 11:22:56,302 - ERROR - CRITICAL: Restricted location detected. Cannot create Binance client.
2026-03-13 11:22:58,385 - ERROR - CRITICAL: Restricted location detected. Cannot create Binance client.
2026-03-13 11:22:58,465 - ERROR - CRITICAL: Restricted location detected. Cannot create Binance client.
2026-03-13 11:22:58,542 - ERROR - CRITICAL: Restricted location detected. Cannot create Binance client.
2026-03-13 11:23:00,623 - ERROR - CRITICAL: Restricted location detected. Cannot create Binance client.
2026-03-13 11:23:00,705 - ERROR - CRITICAL: Restricted location detected. Cannot create Binance client.
2026-03-13 11:23:00,787 - ERROR - CRITICAL: Restricted location detected. Cannot create Binance client.
2026-03-13 11:23:02,867 - ERROR - CRITICAL: Restricted location detected. Cannot create Binance client.
2026-03-13 11:23:02,946 - ERROR - CRITICAL: Restricted location detected. Cannot create Binance client.
2026-03-13 11:23:03,028 - ERROR - CRITICAL: Restricted location detected. Cannot create Binance client.
